<?xml version="1.0" encoding="UTF-8"?>
<testsuite xmlns:xsi="http://www.w3.org/2001/XMLSchema-instance" xsi:noNamespaceSchemaLocation="https://maven.apache.org/surefire/maven-surefire-plugin/xsd/surefire-test-report-3.0.xsd" version="3.0" name="za.co.telkom.bpmn.test.PushTest" time="10.052" tests="1" errors="0" skipped="0" failures="0">
  <properties>
    <property name="java.specification.version" value="21"/>
    <property name="sun.jnu.encoding" value="UTF-8"/>
    <property name="java.class.path" value="/home/sulemamr/Downloads/push_notification_bpmn/push-notification-workflow/target/test-classes:/home/sulemamr/Downloads/push_notification_bpmn/push-notification-workflow/target/classes:/home/sulemamr/.m2/repository/org/springframework/boot/spring-boot-starter-actuator/3.2.3/spring-boot-starter-actuator-3.2.3.jar:/home/sulemamr/.m2/repository/org/springframework/boot/spring-boot-starter/3.2.3/spring-boot-starter-3.2.3.jar:/home/sulemamr/.m2/repository/org/springframework/boot/spring-boot/3.2.3/spring-boot-3.2.3.jar:/home/sulemamr/.m2/repository/org/springframework/boot/spring-boot-autoconfigure/3.2.3/spring-boot-autoconfigure-3.2.3.jar:/home/sulemamr/.m2/repository/org/springframework/boot/spring-boot-starter-logging/3.2.3/spring-boot-starter-logging-3.2.3.jar:/home/sulemamr/.m2/repository/ch/qos/logback/logback-classic/1.4.14/logback-classic-1.4.14.jar:/home/sulemamr/.m2/repository/ch/qos/logback/logback-core/1.4.14/logback-core-1.4.14.jar:/home/sulemamr/.m2/repository/org/apache/logging/log4j/log4j-to-slf4j/2.21.1/log4j-to-slf4j-2.21.1.jar:/home/sulemamr/.m2/repository/org/apache/logging/log4j/log4j-api/2.21.1/log4j-api-2.21.1.jar:/home/sulemamr/.m2/repository/org/slf4j/jul-to-slf4j/2.0.12/jul-to-slf4j-2.0.12.jar:/home/sulemamr/.m2/repository/jakarta/annotation/jakarta.annotation-api/2.1.1/jakarta.annotation-api-2.1.1.jar:/home/sulemamr/.m2/repository/org/yaml/snakeyaml/2.2/snakeyaml-2.2.jar:/home/sulemamr/.m2/repository/org/springframework/boot/spring-boot-actuator-autoconfigure/3.2.3/spring-boot-actuator-autoconfigure-3.2.3.jar:/home/sulemamr/.m2/repository/org/springframework/boot/spring-boot-actuator/3.2.3/spring-boot-actuator-3.2.3.jar:/home/sulemamr/.m2/repository/io/micrometer/micrometer-observation/1.12.3/micrometer-observation-1.12.3.jar:/home/sulemamr/.m2/repository/io/micrometer/micrometer-commons/1.12.3/micrometer-commons-1.12.3.jar:/home/sulemamr/.m2/repository/io/micrometer/micrometer-jakarta9/1.12.3/micrometer-jakarta9-1.12.3.jar:/home/sulemamr/.m2/repository/io/micrometer/micrometer-core/1.12.3/micrometer-core-1.12.3.jar:/home/sulemamr/.m2/repository/org/hdrhistogram/HdrHistogram/2.1.12/HdrHistogram-2.1.12.jar:/home/sulemamr/.m2/repository/org/latencyutils/LatencyUtils/2.0.3/LatencyUtils-2.0.3.jar:/home/sulemamr/.m2/repository/org/springframework/boot/spring-boot-starter-web/3.2.3/spring-boot-starter-web-3.2.3.jar:/home/sulemamr/.m2/repository/org/springframework/boot/spring-boot-starter-json/3.2.3/spring-boot-starter-json-3.2.3.jar:/home/sulemamr/.m2/repository/com/fasterxml/jackson/module/jackson-module-parameter-names/2.15.4/jackson-module-parameter-names-2.15.4.jar:/home/sulemamr/.m2/repository/org/springframework/boot/spring-boot-starter-tomcat/3.2.3/spring-boot-starter-tomcat-3.2.3.jar:/home/sulemamr/.m2/repository/org/apache/tomcat/embed/tomcat-embed-core/10.1.19/tomcat-embed-core-10.1.19.jar:/home/sulemamr/.m2/repository/org/apache/tomcat/embed/tomcat-embed-el/10.1.19/tomcat-embed-el-10.1.19.jar:/home/sulemamr/.m2/repository/org/apache/tomcat/embed/tomcat-embed-websocket/10.1.19/tomcat-embed-websocket-10.1.19.jar:/home/sulemamr/.m2/repository/org/springframework/spring-web/6.1.4/spring-web-6.1.4.jar:/home/sulemamr/.m2/repository/org/springframework/spring-beans/6.1.4/spring-beans-6.1.4.jar:/home/sulemamr/.m2/repository/org/springframework/spring-webmvc/6.1.4/spring-webmvc-6.1.4.jar:/home/sulemamr/.m2/repository/org/springframework/spring-aop/6.1.4/spring-aop-6.1.4.jar:/home/sulemamr/.m2/repository/org/springframework/spring-context/6.1.4/spring-context-6.1.4.jar:/home/sulemamr/.m2/repository/org/springframework/spring-expression/6.1.4/spring-expression-6.1.4.jar:/home/sulemamr/.m2/repository/org/projectlombok/lombok/1.18.30/lombok-1.18.30.jar:/home/sulemamr/.m2/repository/org/springframework/boot/spring-boot-starter-test/3.2.3/spring-boot-starter-test-3.2.3.jar:/home/sulemamr/.m2/repository/org/springframework/boot/spring-boot-test/3.2.3/spring-boot-test-3.2.3.jar:/home/sulemamr/.m2/repository/org/springframework/boot/spring-boot-test-autoconfigure/3.2.3/spring-boot-test-autoconfigure-3.2.3.jar:/home/sulemamr/.m2/repository/com/jayway/jsonpath/json-path/2.9.0/json-path-2.9.0.jar:/home/sulemamr/.m2/repository/jakarta/xml/bind/jakarta.xml.bind-api/4.0.1/jakarta.xml.bind-api-4.0.1.jar:/home/sulemamr/.m2/repository/jakarta/activation/jakarta.activation-api/2.1.2/jakarta.activation-api-2.1.2.jar:/home/sulemamr/.m2/repository/net/minidev/json-smart/2.5.0/json-smart-2.5.0.jar:/home/sulemamr/.m2/repository/net/minidev/accessors-smart/2.5.0/accessors-smart-2.5.0.jar:/home/sulemamr/.m2/repository/org/ow2/asm/asm/9.3/asm-9.3.jar:/home/sulemamr/.m2/repository/org/assertj/assertj-core/3.24.2/assertj-core-3.24.2.jar:/home/sulemamr/.m2/repository/net/bytebuddy/byte-buddy/1.14.12/byte-buddy-1.14.12.jar:/home/sulemamr/.m2/repository/org/awaitility/awaitility/4.2.0/awaitility-4.2.0.jar:/home/sulemamr/.m2/repository/org/hamcrest/hamcrest/2.2/hamcrest-2.2.jar:/home/sulemamr/.m2/repository/org/junit/jupiter/junit-jupiter/5.10.2/junit-jupiter-5.10.2.jar:/home/sulemamr/.m2/repository/org/junit/jupiter/junit-jupiter-api/5.10.2/junit-jupiter-api-5.10.2.jar:/home/sulemamr/.m2/repository/org/opentest4j/opentest4j/1.3.0/opentest4j-1.3.0.jar:/home/sulemamr/.m2/repository/org/apiguardian/apiguardian-api/1.1.2/apiguardian-api-1.1.2.jar:/home/sulemamr/.m2/repository/org/junit/jupiter/junit-jupiter-params/5.10.2/junit-jupiter-params-5.10.2.jar:/home/sulemamr/.m2/repository/org/junit/jupiter/junit-jupiter-engine/5.10.2/junit-jupiter-engine-5.10.2.jar:/home/sulemamr/.m2/repository/org/junit/platform/junit-platform-engine/1.10.2/junit-platform-engine-1.10.2.jar:/home/sulemamr/.m2/repository/org/mockito/mockito-core/5.7.0/mockito-core-5.7.0.jar:/home/sulemamr/.m2/repository/net/bytebuddy/byte-buddy-agent/1.14.12/byte-buddy-agent-1.14.12.jar:/home/sulemamr/.m2/repository/org/objenesis/objenesis/3.3/objenesis-3.3.jar:/home/sulemamr/.m2/repository/org/mockito/mockito-junit-jupiter/5.7.0/mockito-junit-jupiter-5.7.0.jar:/home/sulemamr/.m2/repository/org/skyscreamer/jsonassert/1.5.1/jsonassert-1.5.1.jar:/home/sulemamr/.m2/repository/com/vaadin/external/google/android-json/0.0.20131108.vaadin1/android-json-0.0.20131108.vaadin1.jar:/home/sulemamr/.m2/repository/org/springframework/spring-core/6.1.4/spring-core-6.1.4.jar:/home/sulemamr/.m2/repository/org/springframework/spring-jcl/6.1.4/spring-jcl-6.1.4.jar:/home/sulemamr/.m2/repository/org/springframework/spring-test/6.1.4/spring-test-6.1.4.jar:/home/sulemamr/.m2/repository/org/xmlunit/xmlunit-core/2.9.1/xmlunit-core-2.9.1.jar:/home/sulemamr/.m2/repository/io/camunda/spring/spring-boot-starter-camunda/8.4.1/spring-boot-starter-camunda-8.4.1.jar:/home/sulemamr/.m2/repository/io/camunda/spring/spring-client-zeebe/8.4.1/spring-client-zeebe-8.4.1.jar:/home/sulemamr/.m2/repository/io/camunda/spring/spring-client-annotations/8.4.1/spring-client-annotations-8.4.1.jar:/home/sulemamr/.m2/repository/io/camunda/zeebe-client-java/8.4.4/zeebe-client-java-8.4.4.jar:/home/sulemamr/.m2/repository/io/camunda/zeebe-gateway-protocol-impl/8.4.4/zeebe-gateway-protocol-impl-8.4.4.jar:/home/sulemamr/.m2/repository/io/grpc/grpc-stub/1.60.1/grpc-stub-1.60.1.jar:/home/sulemamr/.m2/repository/io/grpc/grpc-core/1.60.1/grpc-core-1.60.1.jar:/home/sulemamr/.m2/repository/com/google/android/annotations/4.1.1.4/annotations-4.1.1.4.jar:/home/sulemamr/.m2/repository/org/codehaus/mojo/animal-sniffer-annotations/1.23/animal-sniffer-annotations-1.23.jar:/home/sulemamr/.m2/repository/io/perfmark/perfmark-api/0.26.0/perfmark-api-0.26.0.jar:/home/sulemamr/.m2/repository/io/grpc/grpc-context/1.60.1/grpc-context-1.60.1.jar:/home/sulemamr/.m2/repository/io/grpc/grpc-api/1.60.1/grpc-api-1.60.1.jar:/home/sulemamr/.m2/repository/io/grpc/grpc-netty/1.60.1/grpc-netty-1.60.1.jar:/home/sulemamr/.m2/repository/io/grpc/grpc-util/1.60.1/grpc-util-1.60.1.jar:/home/sulemamr/.m2/repository/com/google/protobuf/protobuf-java/3.25.3/protobuf-java-3.25.3.jar:/home/sulemamr/.m2/repository/com/fasterxml/jackson/dataformat/jackson-dataformat-yaml/2.15.4/jackson-dataformat-yaml-2.15.4.jar:/home/sulemamr/.m2/repository/commons-beanutils/commons-beanutils/1.9.4/commons-beanutils-1.9.4.jar:/home/sulemamr/.m2/repository/io/camunda/spring/java-client-operate/8.4.1/java-client-operate-8.4.1.jar:/home/sulemamr/.m2/repository/io/camunda/spring/java-common/8.4.1/java-common-8.4.1.jar:/home/sulemamr/.m2/repository/org/apache/httpcomponents/client5/httpclient5/5.2.3/httpclient5-5.2.3.jar:/home/sulemamr/.m2/repository/org/apache/httpcomponents/core5/httpcore5/5.2.4/httpcore5-5.2.4.jar:/home/sulemamr/.m2/repository/org/apache/httpcomponents/core5/httpcore5-h2/5.2.4/httpcore5-h2-5.2.4.jar:/home/sulemamr/.m2/repository/io/camunda/zeebe-bpmn-model/8.4.4/zeebe-bpmn-model-8.4.4.jar:/home/sulemamr/.m2/repository/org/camunda/bpm/model/camunda-xml-model/7.20.0/camunda-xml-model-7.20.0.jar:/home/sulemamr/.m2/repository/io/github/resilience4j/resilience4j-retry/2.2.0/resilience4j-retry-2.2.0.jar:/home/sulemamr/.m2/repository/io/github/resilience4j/resilience4j-core/2.2.0/resilience4j-core-2.2.0.jar:/home/sulemamr/.m2/repository/io/camunda/spring/spring-client-common/8.4.1/spring-client-common-8.4.1.jar:/home/sulemamr/.m2/repository/io/camunda/identity-spring-boot-starter/8.4.0-SNAPSHOT/identity-spring-boot-starter-8.4.0-SNAPSHOT.jar:/home/sulemamr/.m2/repository/io/camunda/identity-spring-boot-autoconfigure/8.4.0-SNAPSHOT/identity-spring-boot-autoconfigure-8.4.0-SNAPSHOT.jar:/home/sulemamr/.m2/repository/io/camunda/identity-sdk/8.4.0-SNAPSHOT/identity-sdk-8.4.0-SNAPSHOT.jar:/home/sulemamr/.m2/repository/com/auth0/java-jwt/4.4.0/java-jwt-4.4.0.jar:/home/sulemamr/.m2/repository/com/auth0/auth0/1.45.1/auth0-1.45.1.jar:/home/sulemamr/.m2/repository/com/squareup/okhttp3/okhttp/4.12.0/okhttp-4.12.0.jar:/home/sulemamr/.m2/repository/org/jetbrains/kotlin/kotlin-stdlib-jdk8/1.9.22/kotlin-stdlib-jdk8-1.9.22.jar:/home/sulemamr/.m2/repository/org/jetbrains/kotlin/kotlin-stdlib/1.9.22/kotlin-stdlib-1.9.22.jar:/home/sulemamr/.m2/repository/org/jetbrains/kotlin/kotlin-stdlib-jdk7/1.9.22/kotlin-stdlib-jdk7-1.9.22.jar:/home/sulemamr/.m2/repository/com/squareup/okio/okio/3.5.0/okio-3.5.0.jar:/home/sulemamr/.m2/repository/com/squareup/okio/okio-jvm/3.5.0/okio-jvm-3.5.0.jar:/home/sulemamr/.m2/repository/org/jetbrains/kotlin/kotlin-stdlib-common/1.9.22/kotlin-stdlib-common-1.9.22.jar:/home/sulemamr/.m2/repository/com/squareup/okhttp3/logging-interceptor/4.12.0/logging-interceptor-4.12.0.jar:/home/sulemamr/.m2/repository/net/jodah/failsafe/2.4.1/failsafe-2.4.1.jar:/home/sulemamr/.m2/repository/com/auth0/jwks-rsa/0.22.1/jwks-rsa-0.22.1.jar:/home/sulemamr/.m2/repository/org/apache/commons/commons-collections4/4.4/commons-collections4-4.4.jar:/home/sulemamr/.m2/repository/org/ehcache/ehcache/3.10.8/ehcache-3.10.8.jar:/home/sulemamr/.m2/repository/javax/cache/cache-api/1.1.1/cache-api-1.1.1.jar:/home/sulemamr/.m2/repository/org/slf4j/slf4j-api/2.0.12/slf4j-api-2.0.12.jar:/home/sulemamr/.m2/repository/io/camunda/spring/spring-boot-starter-camunda-test/8.4.1/spring-boot-starter-camunda-test-8.4.1.jar:/home/sulemamr/.m2/repository/io/camunda/spring/spring-boot-starter-camunda-test-common/8.4.1/spring-boot-starter-camunda-test-common-8.4.1.jar:/home/sulemamr/.m2/repository/io/camunda/zeebe-process-test-extension/8.4.0/zeebe-process-test-extension-8.4.0.jar:/home/sulemamr/.m2/repository/io/camunda/zeebe-process-test-engine/8.4.0/zeebe-process-test-engine-8.4.0.jar:/home/sulemamr/.m2/repository/io/camunda/zeebe-workflow-engine/8.4.0/zeebe-workflow-engine-8.4.0.jar:/home/sulemamr/.m2/repository/io/camunda/zeebe-stream-platform/8.4.0/zeebe-stream-platform-8.4.0.jar:/home/sulemamr/.m2/repository/io/camunda/zeebe-scheduler/8.4.0/zeebe-scheduler-8.4.0.jar:/home/sulemamr/.m2/repository/org/jetbrains/annotations/24.1.0/annotations-24.1.0.jar:/home/sulemamr/.m2/repository/io/camunda/zeebe-msgpack-core/8.4.0/zeebe-msgpack-core-8.4.0.jar:/home/sulemamr/.m2/repository/io/camunda/zeebe-expression-language/8.4.0/zeebe-expression-language-8.4.0.jar:/home/sulemamr/.m2/repository/io/camunda/zeebe-feel-integration/8.4.0/zeebe-feel-integration-8.4.0.jar:/home/sulemamr/.m2/repository/io/camunda/zeebe-dmn/8.4.0/zeebe-dmn-8.4.0.jar:/home/sulemamr/.m2/repository/org/camunda/bpm/extension/dmn/scala/dmn-engine/1.9.0/dmn-engine-1.9.0.jar:/home/sulemamr/.m2/repository/org/camunda/bpm/model/camunda-dmn-model/7.20.0/camunda-dmn-model-7.20.0.jar:/home/sulemamr/.m2/repository/io/camunda/zeebe-auth/8.4.0/zeebe-auth-8.4.0.jar:/home/sulemamr/.m2/repository/com/cronutils/cron-utils/9.2.1/cron-utils-9.2.1.jar:/home/sulemamr/.m2/repository/org/camunda/feel/feel-engine/1.17.4/feel-engine-1.17.4.jar:/home/sulemamr/.m2/repository/com/lihaoyi/fastparse_2.13/3.0.2/fastparse_2.13-3.0.2.jar:/home/sulemamr/.m2/repository/com/lihaoyi/sourcecode_2.13/0.3.0/sourcecode_2.13-0.3.0.jar:/home/sulemamr/.m2/repository/com/lihaoyi/geny_2.13/1.0.0/geny_2.13-1.0.0.jar:/home/sulemamr/.m2/repository/io/camunda/zeebe-util/8.4.0/zeebe-util-8.4.0.jar:/home/sulemamr/.m2/repository/org/apache/logging/log4j/log4j-core/2.21.1/log4j-core-2.21.1.jar:/home/sulemamr/.m2/repository/io/camunda/zeebe-logstreams/8.4.0/zeebe-logstreams-8.4.0.jar:/home/sulemamr/.m2/repository/com/netflix/concurrency-limits/concurrency-limits-core/0.4.0/concurrency-limits-core-0.4.0.jar:/home/sulemamr/.m2/repository/io/camunda/zeebe-msgpack-value/8.4.0/zeebe-msgpack-value-8.4.0.jar:/home/sulemamr/.m2/repository/io/camunda/zeebe-protocol/8.4.4/zeebe-protocol-8.4.4.jar:/home/sulemamr/.m2/repository/io/camunda/zeebe-protocol-impl/8.4.0/zeebe-protocol-impl-8.4.0.jar:/home/sulemamr/.m2/repository/org/msgpack/jackson-dataformat-msgpack/0.9.6/jackson-dataformat-msgpack-0.9.6.jar:/home/sulemamr/.m2/repository/org/msgpack/msgpack-core/0.9.6/msgpack-core-0.9.6.jar:/home/sulemamr/.m2/repository/io/camunda/zeebe-db/8.4.0/zeebe-db-8.4.0.jar:/home/sulemamr/.m2/repository/org/rocksdb/rocksdbjni/8.9.1/rocksdbjni-8.9.1.jar:/home/sulemamr/.m2/repository/com/google/api/grpc/proto-google-common-protos/2.29.0/proto-google-common-protos-2.29.0.jar:/home/sulemamr/.m2/repository/org/agrona/agrona/1.20.0/agrona-1.20.0.jar:/home/sulemamr/.m2/repository/io/grpc/grpc-protobuf/1.60.0/grpc-protobuf-1.60.0.jar:/home/sulemamr/.m2/repository/io/grpc/grpc-protobuf-lite/1.60.0/grpc-protobuf-lite-1.60.0.jar:/home/sulemamr/.m2/repository/io/camunda/zeebe-process-test-assertions/8.4.0/zeebe-process-test-assertions-8.4.0.jar:/home/sulemamr/.m2/repository/io/camunda/zeebe-process-test-filters/8.4.0/zeebe-process-test-filters-8.4.0.jar:/home/sulemamr/.m2/repository/io/camunda/zeebe-process-test-api/8.4.0/zeebe-process-test-api-8.4.0.jar:/home/sulemamr/.m2/repository/org/junit/platform/junit-platform-commons/1.10.2/junit-platform-commons-1.10.2.jar:/home/sulemamr/.m2/repository/org/springframework/restdocs/spring-restdocs-mockmvc/3.0.1/spring-restdocs-mockmvc-3.0.1.jar:/home/sulemamr/.m2/repository/org/springframework/restdocs/spring-restdocs-core/3.0.1/spring-restdocs-core-3.0.1.jar:/home/sulemamr/.m2/repository/jakarta/servlet/jakarta.servlet-api/6.0.0/jakarta.servlet-api-6.0.0.jar:/home/sulemamr/.m2/repository/org/mock-server/mockserver-netty/5.15.0/mockserver-netty-5.15.0.jar:/home/sulemamr/.m2/repository/org/mock-server/mockserver-client-java/5.15.0/mockserver-client-java-5.15.0.jar:/home/sulemamr/.m2/repository/org/apache/commons/commons-lang3/3.13.0/commons-lang3-3.13.0.jar:/home/sulemamr/.m2/repository/org/mock-server/mockserver-core/5.15.0/mockserver-core-5.15.0.jar:/home/sulemamr/.m2/repository/com/lmax/disruptor/3.4.4/disruptor-3.4.4.jar:/home/sulemamr/.m2/repository/javax/servlet/javax.servlet-api/4.0.1/javax.servlet-api-4.0.1.jar:/home/sulemamr/.m2/repository/io/netty/netty-codec-socks/4.1.107.Final/netty-codec-socks-4.1.107.Final.jar:/home/sulemamr/.m2/repository/io/netty/netty-handler-proxy/4.1.107.Final/netty-handler-proxy-4.1.107.Final.jar:/home/sulemamr/.m2/repository/com/jcraft/jzlib/1.1.3/jzlib-1.1.3.jar:/home/sulemamr/.m2/repository/com/fasterxml/uuid/java-uuid-generator/4.1.0/java-uuid-generator-4.1.0.jar:/home/sulemamr/.m2/repository/org/bouncycastle/bcprov-jdk18on/1.72/bcprov-jdk18on-1.72.jar:/home/sulemamr/.m2/repository/org/bouncycastle/bcpkix-jdk18on/1.72/bcpkix-jdk18on-1.72.jar:/home/sulemamr/.m2/repository/org/bouncycastle/bcutil-jdk18on/1.72/bcutil-jdk18on-1.72.jar:/home/sulemamr/.m2/repository/com/nimbusds/nimbus-jose-jwt/9.28/nimbus-jose-jwt-9.28.jar:/home/sulemamr/.m2/repository/com/github/stephenc/jcip/jcip-annotations/1.0-1/jcip-annotations-1.0-1.jar:/home/sulemamr/.m2/repository/org/apache/velocity/velocity-engine-scripting/2.3/velocity-engine-scripting-2.3.jar:/home/sulemamr/.m2/repository/org/apache/velocity/velocity-engine-core/2.3/velocity-engine-core-2.3.jar:/home/sulemamr/.m2/repository/org/apache/velocity/tools/velocity-tools-generic/3.1/velocity-tools-generic-3.1.jar:/home/sulemamr/.m2/repository/org/apache/commons/commons-digester3/3.2/commons-digester3-3.2.jar:/home/sulemamr/.m2/repository/com/github/cliftonlabs/json-simple/3.0.2/json-simple-3.0.2.jar:/home/sulemamr/.m2/repository/com/samskivert/jmustache/1.15/jmustache-1.15.jar:/home/sulemamr/.m2/repository/com/fasterxml/jackson/core/jackson-core/2.15.4/jackson-core-2.15.4.jar:/home/sulemamr/.m2/repository/com/fasterxml/jackson/core/jackson-annotations/2.15.4/jackson-annotations-2.15.4.jar:/home/sulemamr/.m2/repository/net/javacrumbs/json-unit/json-unit-core/2.36.0/json-unit-core-2.36.0.jar:/home/sulemamr/.m2/repository/org/hamcrest/hamcrest-core/2.2/hamcrest-core-2.2.jar:/home/sulemamr/.m2/repository/com/networknt/json-schema-validator/1.0.76/json-schema-validator-1.0.76.jar:/home/sulemamr/.m2/repository/com/ethlo/time/itu/1.7.0/itu-1.7.0.jar:/home/sulemamr/.m2/repository/io/swagger/parser/v3/swagger-parser/2.1.10/swagger-parser-2.1.10.jar:/home/sulemamr/.m2/repository/io/swagger/parser/v3/swagger-parser-v2-converter/2.1.10/swagger-parser-v2-converter-2.1.10.jar:/home/sulemamr/.m2/repository/io/swagger/swagger-core/1.6.9/swagger-core-1.6.9.jar:/home/sulemamr/.m2/repository/io/swagger/swagger-models/1.6.9/swagger-models-1.6.9.jar:/home/sulemamr/.m2/repository/io/swagger/swagger-annotations/1.6.9/swagger-annotations-1.6.9.jar:/home/sulemamr/.m2/repository/io/swagger/swagger-parser/1.0.64/swagger-parser-1.0.64.jar:/home/sulemamr/.m2/repository/io/swagger/swagger-compat-spec-parser/1.0.64/swagger-compat-spec-parser-1.0.64.jar:/home/sulemamr/.m2/repository/com/github/java-json-tools/json-patch/1.13/json-patch-1.13.jar:/home/sulemamr/.m2/repository/io/swagger/core/v3/swagger-models/2.2.8/swagger-models-2.2.8.jar:/home/sulemamr/.m2/repository/io/swagger/parser/v3/swagger-parser-core/2.1.10/swagger-parser-core-2.1.10.jar:/home/sulemamr/.m2/repository/io/swagger/parser/v3/swagger-parser-v3/2.1.10/swagger-parser-v3-2.1.10.jar:/home/sulemamr/.m2/repository/io/swagger/core/v3/swagger-core/2.2.8/swagger-core-2.2.8.jar:/home/sulemamr/.m2/repository/io/swagger/core/v3/swagger-annotations/2.2.8/swagger-annotations-2.2.8.jar:/home/sulemamr/.m2/repository/com/sun/xml/bind/jaxb-impl/4.0.4/jaxb-impl-4.0.4.jar:/home/sulemamr/.m2/repository/com/sun/xml/bind/jaxb-core/4.0.4/jaxb-core-4.0.4.jar:/home/sulemamr/.m2/repository/org/eclipse/angus/angus-activation/2.0.1/angus-activation-2.0.1.jar:/home/sulemamr/.m2/repository/org/xmlunit/xmlunit-placeholders/2.9.1/xmlunit-placeholders-2.9.1.jar:/home/sulemamr/.m2/repository/commons-codec/commons-codec/1.16.1/commons-codec-1.16.1.jar:/home/sulemamr/.m2/repository/io/github/classgraph/classgraph/4.8.154/classgraph-4.8.154.jar:/home/sulemamr/.m2/repository/io/prometheus/simpleclient/0.16.0/simpleclient-0.16.0.jar:/home/sulemamr/.m2/repository/io/prometheus/simpleclient_tracer_otel/0.16.0/simpleclient_tracer_otel-0.16.0.jar:/home/sulemamr/.m2/repository/io/prometheus/simpleclient_tracer_common/0.16.0/simpleclient_tracer_common-0.16.0.jar:/home/sulemamr/.m2/repository/io/prometheus/simpleclient_tracer_otel_agent/0.16.0/simpleclient_tracer_otel_agent-0.16.0.jar:/home/sulemamr/.m2/repository/io/prometheus/simpleclient_httpserver/0.16.0/simpleclient_httpserver-0.16.0.jar:/home/sulemamr/.m2/repository/io/prometheus/simpleclient_common/0.16.0/simpleclient_common-0.16.0.jar:/home/sulemamr/.m2/repository/io/netty/netty-buffer/4.1.107.Final/netty-buffer-4.1.107.Final.jar:/home/sulemamr/.m2/repository/io/netty/netty-codec/4.1.107.Final/netty-codec-4.1.107.Final.jar:/home/sulemamr/.m2/repository/io/netty/netty-codec-http/4.1.107.Final/netty-codec-http-4.1.107.Final.jar:/home/sulemamr/.m2/repository/io/netty/netty-codec-http2/4.1.107.Final/netty-codec-http2-4.1.107.Final.jar:/home/sulemamr/.m2/repository/io/netty/netty-common/4.1.107.Final/netty-common-4.1.107.Final.jar:/home/sulemamr/.m2/repository/io/netty/netty-handler/4.1.107.Final/netty-handler-4.1.107.Final.jar:/home/sulemamr/.m2/repository/io/netty/netty-resolver/4.1.107.Final/netty-resolver-4.1.107.Final.jar:/home/sulemamr/.m2/repository/io/netty/netty-transport-native-unix-common/4.1.107.Final/netty-transport-native-unix-common-4.1.107.Final.jar:/home/sulemamr/.m2/repository/io/netty/netty-transport/4.1.107.Final/netty-transport-4.1.107.Final.jar:/home/sulemamr/.m2/repository/io/netty/netty-tcnative-boringssl-static/2.0.61.Final/netty-tcnative-boringssl-static-2.0.61.Final.jar:/home/sulemamr/.m2/repository/io/netty/netty-tcnative-classes/2.0.61.Final/netty-tcnative-classes-2.0.61.Final.jar:/home/sulemamr/.m2/repository/io/netty/netty-tcnative-boringssl-static/2.0.61.Final/netty-tcnative-boringssl-static-2.0.61.Final-linux-x86_64.jar:/home/sulemamr/.m2/repository/io/netty/netty-tcnative-boringssl-static/2.0.61.Final/netty-tcnative-boringssl-static-2.0.61.Final-linux-aarch_64.jar:/home/sulemamr/.m2/repository/io/netty/netty-tcnative-boringssl-static/2.0.61.Final/netty-tcnative-boringssl-static-2.0.61.Final-osx-x86_64.jar:/home/sulemamr/.m2/repository/io/netty/netty-tcnative-boringssl-static/2.0.61.Final/netty-tcnative-boringssl-static-2.0.61.Final-osx-aarch_64.jar:/home/sulemamr/.m2/repository/io/netty/netty-tcnative-boringssl-static/2.0.61.Final/netty-tcnative-boringssl-static-2.0.61.Final-windows-x86_64.jar:/home/sulemamr/.m2/repository/commons-io/commons-io/2.11.0/commons-io-2.11.0.jar:/home/sulemamr/.m2/repository/com/google/guava/guava/31.1-jre/guava-31.1-jre.jar:/home/sulemamr/.m2/repository/com/google/guava/failureaccess/1.0.1/failureaccess-1.0.1.jar:/home/sulemamr/.m2/repository/com/google/guava/listenablefuture/9999.0-empty-to-avoid-conflict-with-guava/listenablefuture-9999.0-empty-to-avoid-conflict-with-guava.jar:/home/sulemamr/.m2/repository/com/google/code/findbugs/jsr305/3.0.2/jsr305-3.0.2.jar:/home/sulemamr/.m2/repository/org/checkerframework/checker-qual/3.12.0/checker-qual-3.12.0.jar:/home/sulemamr/.m2/repository/com/google/errorprone/error_prone_annotations/2.11.0/error_prone_annotations-2.11.0.jar:/home/sulemamr/.m2/repository/com/google/j2objc/j2objc-annotations/1.3/j2objc-annotations-1.3.jar:/home/sulemamr/.m2/repository/com/google/code/gson/gson/2.10.1/gson-2.10.1.jar:/home/sulemamr/.m2/repository/io/rest-assured/rest-assured/5.3.2/rest-assured-5.3.2.jar:/home/sulemamr/.m2/repository/org/apache/groovy/groovy/4.0.18/groovy-4.0.18.jar:/home/sulemamr/.m2/repository/org/apache/httpcomponents/httpclient/4.5.13/httpclient-4.5.13.jar:/home/sulemamr/.m2/repository/commons-logging/commons-logging/1.2/commons-logging-1.2.jar:/home/sulemamr/.m2/repository/org/apache/httpcomponents/httpmime/4.5.13/httpmime-4.5.13.jar:/home/sulemamr/.m2/repository/org/ccil/cowan/tagsoup/tagsoup/1.2.1/tagsoup-1.2.1.jar:/home/sulemamr/.m2/repository/io/rest-assured/json-path/5.3.2/json-path-5.3.2.jar:/home/sulemamr/.m2/repository/org/apache/groovy/groovy-json/4.0.18/groovy-json-4.0.18.jar:/home/sulemamr/.m2/repository/io/rest-assured/rest-assured-common/5.3.2/rest-assured-common-5.3.2.jar:/home/sulemamr/.m2/repository/io/rest-assured/xml-path/5.3.2/xml-path-5.3.2.jar:/home/sulemamr/.m2/repository/io/rest-assured/json-schema-validator/5.3.2/json-schema-validator-5.3.2.jar:/home/sulemamr/.m2/repository/com/github/java-json-tools/json-schema-validator/2.2.14/json-schema-validator-2.2.14.jar:/home/sulemamr/.m2/repository/com/github/java-json-tools/jackson-coreutils-equivalence/1.0/jackson-coreutils-equivalence-1.0.jar:/home/sulemamr/.m2/repository/com/github/java-json-tools/jackson-coreutils/2.0/jackson-coreutils-2.0.jar:/home/sulemamr/.m2/repository/com/github/java-json-tools/msg-simple/1.2/msg-simple-1.2.jar:/home/sulemamr/.m2/repository/com/github/java-json-tools/btf/1.3/btf-1.3.jar:/home/sulemamr/.m2/repository/com/github/java-json-tools/json-schema-core/1.2.14/json-schema-core-1.2.14.jar:/home/sulemamr/.m2/repository/com/github/java-json-tools/uri-template/0.10/uri-template-0.10.jar:/home/sulemamr/.m2/repository/org/mozilla/rhino/1.7.7.2/rhino-1.7.7.2.jar:/home/sulemamr/.m2/repository/com/sun/mail/mailapi/1.6.2/mailapi-1.6.2.jar:/home/sulemamr/.m2/repository/joda-time/joda-time/2.10.5/joda-time-2.10.5.jar:/home/sulemamr/.m2/repository/com/googlecode/libphonenumber/libphonenumber/8.11.1/libphonenumber-8.11.1.jar:/home/sulemamr/.m2/repository/net/sf/jopt-simple/jopt-simple/5.0.4/jopt-simple-5.0.4.jar:/home/sulemamr/.m2/repository/io/camunda/connector/connector-core/8.4.1/connector-core-8.4.1.jar:/home/sulemamr/.m2/repository/io/camunda/connector/connector-validation/8.4.1/connector-validation-8.4.1.jar:/home/sulemamr/.m2/repository/org/hibernate/validator/hibernate-validator/8.0.1.Final/hibernate-validator-8.0.1.Final.jar:/home/sulemamr/.m2/repository/jakarta/validation/jakarta.validation-api/3.0.2/jakarta.validation-api-3.0.2.jar:/home/sulemamr/.m2/repository/org/jboss/logging/jboss-logging/3.5.3.Final/jboss-logging-3.5.3.Final.jar:/home/sulemamr/.m2/repository/com/fasterxml/classmate/1.6.0/classmate-1.6.0.jar:/home/sulemamr/.m2/repository/io/camunda/connector/connector-http-base/8.4.1/connector-http-base-8.4.1.jar:/home/sulemamr/.m2/repository/org/danilopianini/gson-extras/1.2.0/gson-extras-1.2.0.jar:/home/sulemamr/.m2/repository/javax/annotation/jsr250-api/1.0/jsr250-api-1.0.jar:/home/sulemamr/.m2/repository/com/google/http-client/google-http-client-gson/1.43.3/google-http-client-gson-1.43.3.jar:/home/sulemamr/.m2/repository/com/google/http-client/google-http-client/1.43.3/google-http-client-1.43.3.jar:/home/sulemamr/.m2/repository/io/opencensus/opencensus-api/0.31.1/opencensus-api-0.31.1.jar:/home/sulemamr/.m2/repository/io/opencensus/opencensus-contrib-http-util/0.31.1/opencensus-contrib-http-util-0.31.1.jar:/home/sulemamr/.m2/repository/com/google/http-client/google-http-client-apache-v2/1.43.3/google-http-client-apache-v2-1.43.3.jar:/home/sulemamr/.m2/repository/com/google/auth/google-auth-library-oauth2-http/1.20.0/google-auth-library-oauth2-http-1.20.0.jar:/home/sulemamr/.m2/repository/com/google/auto/value/auto-value-annotations/1.10.4/auto-value-annotations-1.10.4.jar:/home/sulemamr/.m2/repository/com/google/auth/google-auth-library-credentials/1.20.0/google-auth-library-credentials-1.20.0.jar:/home/sulemamr/.m2/repository/org/apache/httpcomponents/httpcore/4.4.16/httpcore-4.4.16.jar:/home/sulemamr/.m2/repository/org/apache/commons/commons-text/1.11.0/commons-text-1.11.0.jar:/home/sulemamr/.m2/repository/org/slf4j/jcl-over-slf4j/2.0.12/jcl-over-slf4j-2.0.12.jar:/home/sulemamr/.m2/repository/io/camunda/connector/element-template-generator-core/8.4.1/element-template-generator-core-8.4.1.jar:/home/sulemamr/.m2/repository/com/fasterxml/jackson/core/jackson-databind/2.15.4/jackson-databind-2.15.4.jar:/home/sulemamr/.m2/repository/com/fasterxml/jackson/datatype/jackson-datatype-jdk8/2.15.4/jackson-datatype-jdk8-2.15.4.jar:/home/sulemamr/.m2/repository/com/fasterxml/jackson/datatype/jackson-datatype-jsr310/2.15.4/jackson-datatype-jsr310-2.15.4.jar:/home/sulemamr/.m2/repository/com/fasterxml/jackson/module/jackson-module-scala_3/2.15.4/jackson-module-scala_3-2.15.4.jar:/home/sulemamr/.m2/repository/org/scala-lang/scala3-library_3/3.2.2/scala3-library_3-3.2.2.jar:/home/sulemamr/.m2/repository/org/scala-lang/scala-library/2.13.10/scala-library-2.13.10.jar:/home/sulemamr/.m2/repository/com/thoughtworks/paranamer/paranamer/2.8/paranamer-2.8.jar:/home/sulemamr/.m2/repository/io/camunda/connector/spring-boot-starter-camunda-connectors/8.4.1/spring-boot-starter-camunda-connectors-8.4.1.jar:/home/sulemamr/.m2/repository/io/camunda/connector/connector-runtime-spring/8.4.1/connector-runtime-spring-8.4.1.jar:/home/sulemamr/.m2/repository/io/camunda/connector/connector-runtime-core/8.4.1/connector-runtime-core-8.4.1.jar:/home/sulemamr/.m2/repository/io/camunda/connector/jackson-datatype-feel/8.4.1/jackson-datatype-feel-8.4.1.jar:/home/sulemamr/.m2/repository/io/camunda/connector/connector-feel-wrapper/8.4.1/connector-feel-wrapper-8.4.1.jar:"/>
    <property name="java.vm.vendor" value="Ubuntu"/>
    <property name="sun.arch.data.model" value="64"/>
    <property name="catalina.useNaming" value="false"/>
    <property name="java.vendor.url" value="https://ubuntu.com/"/>
    <property name="user.timezone" value="Africa/Johannesburg"/>
    <property name="org.jboss.logging.provider" value="slf4j"/>
    <property name="os.name" value="Linux"/>
    <property name="java.vm.specification.version" value="21"/>
    <property name="sun.java.launcher" value="SUN_STANDARD"/>
    <property name="user.country" value="ZA"/>
    <property name="sun.boot.library.path" value="/usr/lib/jvm/java-21-openjdk-amd64/lib"/>
    <property name="sun.java.command" value="/home/sulemamr/Downloads/push_notification_bpmn/push-notification-workflow/target/surefire/surefirebooter-20240724113012067_3.jar /home/sulemamr/Downloads/push_notification_bpmn/push-notification-workflow/target/surefire 2024-07-24T11-30-11_967-jvmRun1 surefire-20240724113012067_1tmp surefire_0-20240724113012067_2tmp"/>
    <property name="jdk.debug" value="release"/>
    <property name="surefire.test.class.path" value="/home/sulemamr/Downloads/push_notification_bpmn/push-notification-workflow/target/test-classes:/home/sulemamr/Downloads/push_notification_bpmn/push-notification-workflow/target/classes:/home/sulemamr/.m2/repository/org/springframework/boot/spring-boot-starter-actuator/3.2.3/spring-boot-starter-actuator-3.2.3.jar:/home/sulemamr/.m2/repository/org/springframework/boot/spring-boot-starter/3.2.3/spring-boot-starter-3.2.3.jar:/home/sulemamr/.m2/repository/org/springframework/boot/spring-boot/3.2.3/spring-boot-3.2.3.jar:/home/sulemamr/.m2/repository/org/springframework/boot/spring-boot-autoconfigure/3.2.3/spring-boot-autoconfigure-3.2.3.jar:/home/sulemamr/.m2/repository/org/springframework/boot/spring-boot-starter-logging/3.2.3/spring-boot-starter-logging-3.2.3.jar:/home/sulemamr/.m2/repository/ch/qos/logback/logback-classic/1.4.14/logback-classic-1.4.14.jar:/home/sulemamr/.m2/repository/ch/qos/logback/logback-core/1.4.14/logback-core-1.4.14.jar:/home/sulemamr/.m2/repository/org/apache/logging/log4j/log4j-to-slf4j/2.21.1/log4j-to-slf4j-2.21.1.jar:/home/sulemamr/.m2/repository/org/apache/logging/log4j/log4j-api/2.21.1/log4j-api-2.21.1.jar:/home/sulemamr/.m2/repository/org/slf4j/jul-to-slf4j/2.0.12/jul-to-slf4j-2.0.12.jar:/home/sulemamr/.m2/repository/jakarta/annotation/jakarta.annotation-api/2.1.1/jakarta.annotation-api-2.1.1.jar:/home/sulemamr/.m2/repository/org/yaml/snakeyaml/2.2/snakeyaml-2.2.jar:/home/sulemamr/.m2/repository/org/springframework/boot/spring-boot-actuator-autoconfigure/3.2.3/spring-boot-actuator-autoconfigure-3.2.3.jar:/home/sulemamr/.m2/repository/org/springframework/boot/spring-boot-actuator/3.2.3/spring-boot-actuator-3.2.3.jar:/home/sulemamr/.m2/repository/io/micrometer/micrometer-observation/1.12.3/micrometer-observation-1.12.3.jar:/home/sulemamr/.m2/repository/io/micrometer/micrometer-commons/1.12.3/micrometer-commons-1.12.3.jar:/home/sulemamr/.m2/repository/io/micrometer/micrometer-jakarta9/1.12.3/micrometer-jakarta9-1.12.3.jar:/home/sulemamr/.m2/repository/io/micrometer/micrometer-core/1.12.3/micrometer-core-1.12.3.jar:/home/sulemamr/.m2/repository/org/hdrhistogram/HdrHistogram/2.1.12/HdrHistogram-2.1.12.jar:/home/sulemamr/.m2/repository/org/latencyutils/LatencyUtils/2.0.3/LatencyUtils-2.0.3.jar:/home/sulemamr/.m2/repository/org/springframework/boot/spring-boot-starter-web/3.2.3/spring-boot-starter-web-3.2.3.jar:/home/sulemamr/.m2/repository/org/springframework/boot/spring-boot-starter-json/3.2.3/spring-boot-starter-json-3.2.3.jar:/home/sulemamr/.m2/repository/com/fasterxml/jackson/module/jackson-module-parameter-names/2.15.4/jackson-module-parameter-names-2.15.4.jar:/home/sulemamr/.m2/repository/org/springframework/boot/spring-boot-starter-tomcat/3.2.3/spring-boot-starter-tomcat-3.2.3.jar:/home/sulemamr/.m2/repository/org/apache/tomcat/embed/tomcat-embed-core/10.1.19/tomcat-embed-core-10.1.19.jar:/home/sulemamr/.m2/repository/org/apache/tomcat/embed/tomcat-embed-el/10.1.19/tomcat-embed-el-10.1.19.jar:/home/sulemamr/.m2/repository/org/apache/tomcat/embed/tomcat-embed-websocket/10.1.19/tomcat-embed-websocket-10.1.19.jar:/home/sulemamr/.m2/repository/org/springframework/spring-web/6.1.4/spring-web-6.1.4.jar:/home/sulemamr/.m2/repository/org/springframework/spring-beans/6.1.4/spring-beans-6.1.4.jar:/home/sulemamr/.m2/repository/org/springframework/spring-webmvc/6.1.4/spring-webmvc-6.1.4.jar:/home/sulemamr/.m2/repository/org/springframework/spring-aop/6.1.4/spring-aop-6.1.4.jar:/home/sulemamr/.m2/repository/org/springframework/spring-context/6.1.4/spring-context-6.1.4.jar:/home/sulemamr/.m2/repository/org/springframework/spring-expression/6.1.4/spring-expression-6.1.4.jar:/home/sulemamr/.m2/repository/org/projectlombok/lombok/1.18.30/lombok-1.18.30.jar:/home/sulemamr/.m2/repository/org/springframework/boot/spring-boot-starter-test/3.2.3/spring-boot-starter-test-3.2.3.jar:/home/sulemamr/.m2/repository/org/springframework/boot/spring-boot-test/3.2.3/spring-boot-test-3.2.3.jar:/home/sulemamr/.m2/repository/org/springframework/boot/spring-boot-test-autoconfigure/3.2.3/spring-boot-test-autoconfigure-3.2.3.jar:/home/sulemamr/.m2/repository/com/jayway/jsonpath/json-path/2.9.0/json-path-2.9.0.jar:/home/sulemamr/.m2/repository/jakarta/xml/bind/jakarta.xml.bind-api/4.0.1/jakarta.xml.bind-api-4.0.1.jar:/home/sulemamr/.m2/repository/jakarta/activation/jakarta.activation-api/2.1.2/jakarta.activation-api-2.1.2.jar:/home/sulemamr/.m2/repository/net/minidev/json-smart/2.5.0/json-smart-2.5.0.jar:/home/sulemamr/.m2/repository/net/minidev/accessors-smart/2.5.0/accessors-smart-2.5.0.jar:/home/sulemamr/.m2/repository/org/ow2/asm/asm/9.3/asm-9.3.jar:/home/sulemamr/.m2/repository/org/assertj/assertj-core/3.24.2/assertj-core-3.24.2.jar:/home/sulemamr/.m2/repository/net/bytebuddy/byte-buddy/1.14.12/byte-buddy-1.14.12.jar:/home/sulemamr/.m2/repository/org/awaitility/awaitility/4.2.0/awaitility-4.2.0.jar:/home/sulemamr/.m2/repository/org/hamcrest/hamcrest/2.2/hamcrest-2.2.jar:/home/sulemamr/.m2/repository/org/junit/jupiter/junit-jupiter/5.10.2/junit-jupiter-5.10.2.jar:/home/sulemamr/.m2/repository/org/junit/jupiter/junit-jupiter-api/5.10.2/junit-jupiter-api-5.10.2.jar:/home/sulemamr/.m2/repository/org/opentest4j/opentest4j/1.3.0/opentest4j-1.3.0.jar:/home/sulemamr/.m2/repository/org/apiguardian/apiguardian-api/1.1.2/apiguardian-api-1.1.2.jar:/home/sulemamr/.m2/repository/org/junit/jupiter/junit-jupiter-params/5.10.2/junit-jupiter-params-5.10.2.jar:/home/sulemamr/.m2/repository/org/junit/jupiter/junit-jupiter-engine/5.10.2/junit-jupiter-engine-5.10.2.jar:/home/sulemamr/.m2/repository/org/junit/platform/junit-platform-engine/1.10.2/junit-platform-engine-1.10.2.jar:/home/sulemamr/.m2/repository/org/mockito/mockito-core/5.7.0/mockito-core-5.7.0.jar:/home/sulemamr/.m2/repository/net/bytebuddy/byte-buddy-agent/1.14.12/byte-buddy-agent-1.14.12.jar:/home/sulemamr/.m2/repository/org/objenesis/objenesis/3.3/objenesis-3.3.jar:/home/sulemamr/.m2/repository/org/mockito/mockito-junit-jupiter/5.7.0/mockito-junit-jupiter-5.7.0.jar:/home/sulemamr/.m2/repository/org/skyscreamer/jsonassert/1.5.1/jsonassert-1.5.1.jar:/home/sulemamr/.m2/repository/com/vaadin/external/google/android-json/0.0.20131108.vaadin1/android-json-0.0.20131108.vaadin1.jar:/home/sulemamr/.m2/repository/org/springframework/spring-core/6.1.4/spring-core-6.1.4.jar:/home/sulemamr/.m2/repository/org/springframework/spring-jcl/6.1.4/spring-jcl-6.1.4.jar:/home/sulemamr/.m2/repository/org/springframework/spring-test/6.1.4/spring-test-6.1.4.jar:/home/sulemamr/.m2/repository/org/xmlunit/xmlunit-core/2.9.1/xmlunit-core-2.9.1.jar:/home/sulemamr/.m2/repository/io/camunda/spring/spring-boot-starter-camunda/8.4.1/spring-boot-starter-camunda-8.4.1.jar:/home/sulemamr/.m2/repository/io/camunda/spring/spring-client-zeebe/8.4.1/spring-client-zeebe-8.4.1.jar:/home/sulemamr/.m2/repository/io/camunda/spring/spring-client-annotations/8.4.1/spring-client-annotations-8.4.1.jar:/home/sulemamr/.m2/repository/io/camunda/zeebe-client-java/8.4.4/zeebe-client-java-8.4.4.jar:/home/sulemamr/.m2/repository/io/camunda/zeebe-gateway-protocol-impl/8.4.4/zeebe-gateway-protocol-impl-8.4.4.jar:/home/sulemamr/.m2/repository/io/grpc/grpc-stub/1.60.1/grpc-stub-1.60.1.jar:/home/sulemamr/.m2/repository/io/grpc/grpc-core/1.60.1/grpc-core-1.60.1.jar:/home/sulemamr/.m2/repository/com/google/android/annotations/4.1.1.4/annotations-4.1.1.4.jar:/home/sulemamr/.m2/repository/org/codehaus/mojo/animal-sniffer-annotations/1.23/animal-sniffer-annotations-1.23.jar:/home/sulemamr/.m2/repository/io/perfmark/perfmark-api/0.26.0/perfmark-api-0.26.0.jar:/home/sulemamr/.m2/repository/io/grpc/grpc-context/1.60.1/grpc-context-1.60.1.jar:/home/sulemamr/.m2/repository/io/grpc/grpc-api/1.60.1/grpc-api-1.60.1.jar:/home/sulemamr/.m2/repository/io/grpc/grpc-netty/1.60.1/grpc-netty-1.60.1.jar:/home/sulemamr/.m2/repository/io/grpc/grpc-util/1.60.1/grpc-util-1.60.1.jar:/home/sulemamr/.m2/repository/com/google/protobuf/protobuf-java/3.25.3/protobuf-java-3.25.3.jar:/home/sulemamr/.m2/repository/com/fasterxml/jackson/dataformat/jackson-dataformat-yaml/2.15.4/jackson-dataformat-yaml-2.15.4.jar:/home/sulemamr/.m2/repository/commons-beanutils/commons-beanutils/1.9.4/commons-beanutils-1.9.4.jar:/home/sulemamr/.m2/repository/io/camunda/spring/java-client-operate/8.4.1/java-client-operate-8.4.1.jar:/home/sulemamr/.m2/repository/io/camunda/spring/java-common/8.4.1/java-common-8.4.1.jar:/home/sulemamr/.m2/repository/org/apache/httpcomponents/client5/httpclient5/5.2.3/httpclient5-5.2.3.jar:/home/sulemamr/.m2/repository/org/apache/httpcomponents/core5/httpcore5/5.2.4/httpcore5-5.2.4.jar:/home/sulemamr/.m2/repository/org/apache/httpcomponents/core5/httpcore5-h2/5.2.4/httpcore5-h2-5.2.4.jar:/home/sulemamr/.m2/repository/io/camunda/zeebe-bpmn-model/8.4.4/zeebe-bpmn-model-8.4.4.jar:/home/sulemamr/.m2/repository/org/camunda/bpm/model/camunda-xml-model/7.20.0/camunda-xml-model-7.20.0.jar:/home/sulemamr/.m2/repository/io/github/resilience4j/resilience4j-retry/2.2.0/resilience4j-retry-2.2.0.jar:/home/sulemamr/.m2/repository/io/github/resilience4j/resilience4j-core/2.2.0/resilience4j-core-2.2.0.jar:/home/sulemamr/.m2/repository/io/camunda/spring/spring-client-common/8.4.1/spring-client-common-8.4.1.jar:/home/sulemamr/.m2/repository/io/camunda/identity-spring-boot-starter/8.4.0-SNAPSHOT/identity-spring-boot-starter-8.4.0-SNAPSHOT.jar:/home/sulemamr/.m2/repository/io/camunda/identity-spring-boot-autoconfigure/8.4.0-SNAPSHOT/identity-spring-boot-autoconfigure-8.4.0-SNAPSHOT.jar:/home/sulemamr/.m2/repository/io/camunda/identity-sdk/8.4.0-SNAPSHOT/identity-sdk-8.4.0-SNAPSHOT.jar:/home/sulemamr/.m2/repository/com/auth0/java-jwt/4.4.0/java-jwt-4.4.0.jar:/home/sulemamr/.m2/repository/com/auth0/auth0/1.45.1/auth0-1.45.1.jar:/home/sulemamr/.m2/repository/com/squareup/okhttp3/okhttp/4.12.0/okhttp-4.12.0.jar:/home/sulemamr/.m2/repository/org/jetbrains/kotlin/kotlin-stdlib-jdk8/1.9.22/kotlin-stdlib-jdk8-1.9.22.jar:/home/sulemamr/.m2/repository/org/jetbrains/kotlin/kotlin-stdlib/1.9.22/kotlin-stdlib-1.9.22.jar:/home/sulemamr/.m2/repository/org/jetbrains/kotlin/kotlin-stdlib-jdk7/1.9.22/kotlin-stdlib-jdk7-1.9.22.jar:/home/sulemamr/.m2/repository/com/squareup/okio/okio/3.5.0/okio-3.5.0.jar:/home/sulemamr/.m2/repository/com/squareup/okio/okio-jvm/3.5.0/okio-jvm-3.5.0.jar:/home/sulemamr/.m2/repository/org/jetbrains/kotlin/kotlin-stdlib-common/1.9.22/kotlin-stdlib-common-1.9.22.jar:/home/sulemamr/.m2/repository/com/squareup/okhttp3/logging-interceptor/4.12.0/logging-interceptor-4.12.0.jar:/home/sulemamr/.m2/repository/net/jodah/failsafe/2.4.1/failsafe-2.4.1.jar:/home/sulemamr/.m2/repository/com/auth0/jwks-rsa/0.22.1/jwks-rsa-0.22.1.jar:/home/sulemamr/.m2/repository/org/apache/commons/commons-collections4/4.4/commons-collections4-4.4.jar:/home/sulemamr/.m2/repository/org/ehcache/ehcache/3.10.8/ehcache-3.10.8.jar:/home/sulemamr/.m2/repository/javax/cache/cache-api/1.1.1/cache-api-1.1.1.jar:/home/sulemamr/.m2/repository/org/slf4j/slf4j-api/2.0.12/slf4j-api-2.0.12.jar:/home/sulemamr/.m2/repository/io/camunda/spring/spring-boot-starter-camunda-test/8.4.1/spring-boot-starter-camunda-test-8.4.1.jar:/home/sulemamr/.m2/repository/io/camunda/spring/spring-boot-starter-camunda-test-common/8.4.1/spring-boot-starter-camunda-test-common-8.4.1.jar:/home/sulemamr/.m2/repository/io/camunda/zeebe-process-test-extension/8.4.0/zeebe-process-test-extension-8.4.0.jar:/home/sulemamr/.m2/repository/io/camunda/zeebe-process-test-engine/8.4.0/zeebe-process-test-engine-8.4.0.jar:/home/sulemamr/.m2/repository/io/camunda/zeebe-workflow-engine/8.4.0/zeebe-workflow-engine-8.4.0.jar:/home/sulemamr/.m2/repository/io/camunda/zeebe-stream-platform/8.4.0/zeebe-stream-platform-8.4.0.jar:/home/sulemamr/.m2/repository/io/camunda/zeebe-scheduler/8.4.0/zeebe-scheduler-8.4.0.jar:/home/sulemamr/.m2/repository/org/jetbrains/annotations/24.1.0/annotations-24.1.0.jar:/home/sulemamr/.m2/repository/io/camunda/zeebe-msgpack-core/8.4.0/zeebe-msgpack-core-8.4.0.jar:/home/sulemamr/.m2/repository/io/camunda/zeebe-expression-language/8.4.0/zeebe-expression-language-8.4.0.jar:/home/sulemamr/.m2/repository/io/camunda/zeebe-feel-integration/8.4.0/zeebe-feel-integration-8.4.0.jar:/home/sulemamr/.m2/repository/io/camunda/zeebe-dmn/8.4.0/zeebe-dmn-8.4.0.jar:/home/sulemamr/.m2/repository/org/camunda/bpm/extension/dmn/scala/dmn-engine/1.9.0/dmn-engine-1.9.0.jar:/home/sulemamr/.m2/repository/org/camunda/bpm/model/camunda-dmn-model/7.20.0/camunda-dmn-model-7.20.0.jar:/home/sulemamr/.m2/repository/io/camunda/zeebe-auth/8.4.0/zeebe-auth-8.4.0.jar:/home/sulemamr/.m2/repository/com/cronutils/cron-utils/9.2.1/cron-utils-9.2.1.jar:/home/sulemamr/.m2/repository/org/camunda/feel/feel-engine/1.17.4/feel-engine-1.17.4.jar:/home/sulemamr/.m2/repository/com/lihaoyi/fastparse_2.13/3.0.2/fastparse_2.13-3.0.2.jar:/home/sulemamr/.m2/repository/com/lihaoyi/sourcecode_2.13/0.3.0/sourcecode_2.13-0.3.0.jar:/home/sulemamr/.m2/repository/com/lihaoyi/geny_2.13/1.0.0/geny_2.13-1.0.0.jar:/home/sulemamr/.m2/repository/io/camunda/zeebe-util/8.4.0/zeebe-util-8.4.0.jar:/home/sulemamr/.m2/repository/org/apache/logging/log4j/log4j-core/2.21.1/log4j-core-2.21.1.jar:/home/sulemamr/.m2/repository/io/camunda/zeebe-logstreams/8.4.0/zeebe-logstreams-8.4.0.jar:/home/sulemamr/.m2/repository/com/netflix/concurrency-limits/concurrency-limits-core/0.4.0/concurrency-limits-core-0.4.0.jar:/home/sulemamr/.m2/repository/io/camunda/zeebe-msgpack-value/8.4.0/zeebe-msgpack-value-8.4.0.jar:/home/sulemamr/.m2/repository/io/camunda/zeebe-protocol/8.4.4/zeebe-protocol-8.4.4.jar:/home/sulemamr/.m2/repository/io/camunda/zeebe-protocol-impl/8.4.0/zeebe-protocol-impl-8.4.0.jar:/home/sulemamr/.m2/repository/org/msgpack/jackson-dataformat-msgpack/0.9.6/jackson-dataformat-msgpack-0.9.6.jar:/home/sulemamr/.m2/repository/org/msgpack/msgpack-core/0.9.6/msgpack-core-0.9.6.jar:/home/sulemamr/.m2/repository/io/camunda/zeebe-db/8.4.0/zeebe-db-8.4.0.jar:/home/sulemamr/.m2/repository/org/rocksdb/rocksdbjni/8.9.1/rocksdbjni-8.9.1.jar:/home/sulemamr/.m2/repository/com/google/api/grpc/proto-google-common-protos/2.29.0/proto-google-common-protos-2.29.0.jar:/home/sulemamr/.m2/repository/org/agrona/agrona/1.20.0/agrona-1.20.0.jar:/home/sulemamr/.m2/repository/io/grpc/grpc-protobuf/1.60.0/grpc-protobuf-1.60.0.jar:/home/sulemamr/.m2/repository/io/grpc/grpc-protobuf-lite/1.60.0/grpc-protobuf-lite-1.60.0.jar:/home/sulemamr/.m2/repository/io/camunda/zeebe-process-test-assertions/8.4.0/zeebe-process-test-assertions-8.4.0.jar:/home/sulemamr/.m2/repository/io/camunda/zeebe-process-test-filters/8.4.0/zeebe-process-test-filters-8.4.0.jar:/home/sulemamr/.m2/repository/io/camunda/zeebe-process-test-api/8.4.0/zeebe-process-test-api-8.4.0.jar:/home/sulemamr/.m2/repository/org/junit/platform/junit-platform-commons/1.10.2/junit-platform-commons-1.10.2.jar:/home/sulemamr/.m2/repository/org/springframework/restdocs/spring-restdocs-mockmvc/3.0.1/spring-restdocs-mockmvc-3.0.1.jar:/home/sulemamr/.m2/repository/org/springframework/restdocs/spring-restdocs-core/3.0.1/spring-restdocs-core-3.0.1.jar:/home/sulemamr/.m2/repository/jakarta/servlet/jakarta.servlet-api/6.0.0/jakarta.servlet-api-6.0.0.jar:/home/sulemamr/.m2/repository/org/mock-server/mockserver-netty/5.15.0/mockserver-netty-5.15.0.jar:/home/sulemamr/.m2/repository/org/mock-server/mockserver-client-java/5.15.0/mockserver-client-java-5.15.0.jar:/home/sulemamr/.m2/repository/org/apache/commons/commons-lang3/3.13.0/commons-lang3-3.13.0.jar:/home/sulemamr/.m2/repository/org/mock-server/mockserver-core/5.15.0/mockserver-core-5.15.0.jar:/home/sulemamr/.m2/repository/com/lmax/disruptor/3.4.4/disruptor-3.4.4.jar:/home/sulemamr/.m2/repository/javax/servlet/javax.servlet-api/4.0.1/javax.servlet-api-4.0.1.jar:/home/sulemamr/.m2/repository/io/netty/netty-codec-socks/4.1.107.Final/netty-codec-socks-4.1.107.Final.jar:/home/sulemamr/.m2/repository/io/netty/netty-handler-proxy/4.1.107.Final/netty-handler-proxy-4.1.107.Final.jar:/home/sulemamr/.m2/repository/com/jcraft/jzlib/1.1.3/jzlib-1.1.3.jar:/home/sulemamr/.m2/repository/com/fasterxml/uuid/java-uuid-generator/4.1.0/java-uuid-generator-4.1.0.jar:/home/sulemamr/.m2/repository/org/bouncycastle/bcprov-jdk18on/1.72/bcprov-jdk18on-1.72.jar:/home/sulemamr/.m2/repository/org/bouncycastle/bcpkix-jdk18on/1.72/bcpkix-jdk18on-1.72.jar:/home/sulemamr/.m2/repository/org/bouncycastle/bcutil-jdk18on/1.72/bcutil-jdk18on-1.72.jar:/home/sulemamr/.m2/repository/com/nimbusds/nimbus-jose-jwt/9.28/nimbus-jose-jwt-9.28.jar:/home/sulemamr/.m2/repository/com/github/stephenc/jcip/jcip-annotations/1.0-1/jcip-annotations-1.0-1.jar:/home/sulemamr/.m2/repository/org/apache/velocity/velocity-engine-scripting/2.3/velocity-engine-scripting-2.3.jar:/home/sulemamr/.m2/repository/org/apache/velocity/velocity-engine-core/2.3/velocity-engine-core-2.3.jar:/home/sulemamr/.m2/repository/org/apache/velocity/tools/velocity-tools-generic/3.1/velocity-tools-generic-3.1.jar:/home/sulemamr/.m2/repository/org/apache/commons/commons-digester3/3.2/commons-digester3-3.2.jar:/home/sulemamr/.m2/repository/com/github/cliftonlabs/json-simple/3.0.2/json-simple-3.0.2.jar:/home/sulemamr/.m2/repository/com/samskivert/jmustache/1.15/jmustache-1.15.jar:/home/sulemamr/.m2/repository/com/fasterxml/jackson/core/jackson-core/2.15.4/jackson-core-2.15.4.jar:/home/sulemamr/.m2/repository/com/fasterxml/jackson/core/jackson-annotations/2.15.4/jackson-annotations-2.15.4.jar:/home/sulemamr/.m2/repository/net/javacrumbs/json-unit/json-unit-core/2.36.0/json-unit-core-2.36.0.jar:/home/sulemamr/.m2/repository/org/hamcrest/hamcrest-core/2.2/hamcrest-core-2.2.jar:/home/sulemamr/.m2/repository/com/networknt/json-schema-validator/1.0.76/json-schema-validator-1.0.76.jar:/home/sulemamr/.m2/repository/com/ethlo/time/itu/1.7.0/itu-1.7.0.jar:/home/sulemamr/.m2/repository/io/swagger/parser/v3/swagger-parser/2.1.10/swagger-parser-2.1.10.jar:/home/sulemamr/.m2/repository/io/swagger/parser/v3/swagger-parser-v2-converter/2.1.10/swagger-parser-v2-converter-2.1.10.jar:/home/sulemamr/.m2/repository/io/swagger/swagger-core/1.6.9/swagger-core-1.6.9.jar:/home/sulemamr/.m2/repository/io/swagger/swagger-models/1.6.9/swagger-models-1.6.9.jar:/home/sulemamr/.m2/repository/io/swagger/swagger-annotations/1.6.9/swagger-annotations-1.6.9.jar:/home/sulemamr/.m2/repository/io/swagger/swagger-parser/1.0.64/swagger-parser-1.0.64.jar:/home/sulemamr/.m2/repository/io/swagger/swagger-compat-spec-parser/1.0.64/swagger-compat-spec-parser-1.0.64.jar:/home/sulemamr/.m2/repository/com/github/java-json-tools/json-patch/1.13/json-patch-1.13.jar:/home/sulemamr/.m2/repository/io/swagger/core/v3/swagger-models/2.2.8/swagger-models-2.2.8.jar:/home/sulemamr/.m2/repository/io/swagger/parser/v3/swagger-parser-core/2.1.10/swagger-parser-core-2.1.10.jar:/home/sulemamr/.m2/repository/io/swagger/parser/v3/swagger-parser-v3/2.1.10/swagger-parser-v3-2.1.10.jar:/home/sulemamr/.m2/repository/io/swagger/core/v3/swagger-core/2.2.8/swagger-core-2.2.8.jar:/home/sulemamr/.m2/repository/io/swagger/core/v3/swagger-annotations/2.2.8/swagger-annotations-2.2.8.jar:/home/sulemamr/.m2/repository/com/sun/xml/bind/jaxb-impl/4.0.4/jaxb-impl-4.0.4.jar:/home/sulemamr/.m2/repository/com/sun/xml/bind/jaxb-core/4.0.4/jaxb-core-4.0.4.jar:/home/sulemamr/.m2/repository/org/eclipse/angus/angus-activation/2.0.1/angus-activation-2.0.1.jar:/home/sulemamr/.m2/repository/org/xmlunit/xmlunit-placeholders/2.9.1/xmlunit-placeholders-2.9.1.jar:/home/sulemamr/.m2/repository/commons-codec/commons-codec/1.16.1/commons-codec-1.16.1.jar:/home/sulemamr/.m2/repository/io/github/classgraph/classgraph/4.8.154/classgraph-4.8.154.jar:/home/sulemamr/.m2/repository/io/prometheus/simpleclient/0.16.0/simpleclient-0.16.0.jar:/home/sulemamr/.m2/repository/io/prometheus/simpleclient_tracer_otel/0.16.0/simpleclient_tracer_otel-0.16.0.jar:/home/sulemamr/.m2/repository/io/prometheus/simpleclient_tracer_common/0.16.0/simpleclient_tracer_common-0.16.0.jar:/home/sulemamr/.m2/repository/io/prometheus/simpleclient_tracer_otel_agent/0.16.0/simpleclient_tracer_otel_agent-0.16.0.jar:/home/sulemamr/.m2/repository/io/prometheus/simpleclient_httpserver/0.16.0/simpleclient_httpserver-0.16.0.jar:/home/sulemamr/.m2/repository/io/prometheus/simpleclient_common/0.16.0/simpleclient_common-0.16.0.jar:/home/sulemamr/.m2/repository/io/netty/netty-buffer/4.1.107.Final/netty-buffer-4.1.107.Final.jar:/home/sulemamr/.m2/repository/io/netty/netty-codec/4.1.107.Final/netty-codec-4.1.107.Final.jar:/home/sulemamr/.m2/repository/io/netty/netty-codec-http/4.1.107.Final/netty-codec-http-4.1.107.Final.jar:/home/sulemamr/.m2/repository/io/netty/netty-codec-http2/4.1.107.Final/netty-codec-http2-4.1.107.Final.jar:/home/sulemamr/.m2/repository/io/netty/netty-common/4.1.107.Final/netty-common-4.1.107.Final.jar:/home/sulemamr/.m2/repository/io/netty/netty-handler/4.1.107.Final/netty-handler-4.1.107.Final.jar:/home/sulemamr/.m2/repository/io/netty/netty-resolver/4.1.107.Final/netty-resolver-4.1.107.Final.jar:/home/sulemamr/.m2/repository/io/netty/netty-transport-native-unix-common/4.1.107.Final/netty-transport-native-unix-common-4.1.107.Final.jar:/home/sulemamr/.m2/repository/io/netty/netty-transport/4.1.107.Final/netty-transport-4.1.107.Final.jar:/home/sulemamr/.m2/repository/io/netty/netty-tcnative-boringssl-static/2.0.61.Final/netty-tcnative-boringssl-static-2.0.61.Final.jar:/home/sulemamr/.m2/repository/io/netty/netty-tcnative-classes/2.0.61.Final/netty-tcnative-classes-2.0.61.Final.jar:/home/sulemamr/.m2/repository/io/netty/netty-tcnative-boringssl-static/2.0.61.Final/netty-tcnative-boringssl-static-2.0.61.Final-linux-x86_64.jar:/home/sulemamr/.m2/repository/io/netty/netty-tcnative-boringssl-static/2.0.61.Final/netty-tcnative-boringssl-static-2.0.61.Final-linux-aarch_64.jar:/home/sulemamr/.m2/repository/io/netty/netty-tcnative-boringssl-static/2.0.61.Final/netty-tcnative-boringssl-static-2.0.61.Final-osx-x86_64.jar:/home/sulemamr/.m2/repository/io/netty/netty-tcnative-boringssl-static/2.0.61.Final/netty-tcnative-boringssl-static-2.0.61.Final-osx-aarch_64.jar:/home/sulemamr/.m2/repository/io/netty/netty-tcnative-boringssl-static/2.0.61.Final/netty-tcnative-boringssl-static-2.0.61.Final-windows-x86_64.jar:/home/sulemamr/.m2/repository/commons-io/commons-io/2.11.0/commons-io-2.11.0.jar:/home/sulemamr/.m2/repository/com/google/guava/guava/31.1-jre/guava-31.1-jre.jar:/home/sulemamr/.m2/repository/com/google/guava/failureaccess/1.0.1/failureaccess-1.0.1.jar:/home/sulemamr/.m2/repository/com/google/guava/listenablefuture/9999.0-empty-to-avoid-conflict-with-guava/listenablefuture-9999.0-empty-to-avoid-conflict-with-guava.jar:/home/sulemamr/.m2/repository/com/google/code/findbugs/jsr305/3.0.2/jsr305-3.0.2.jar:/home/sulemamr/.m2/repository/org/checkerframework/checker-qual/3.12.0/checker-qual-3.12.0.jar:/home/sulemamr/.m2/repository/com/google/errorprone/error_prone_annotations/2.11.0/error_prone_annotations-2.11.0.jar:/home/sulemamr/.m2/repository/com/google/j2objc/j2objc-annotations/1.3/j2objc-annotations-1.3.jar:/home/sulemamr/.m2/repository/com/google/code/gson/gson/2.10.1/gson-2.10.1.jar:/home/sulemamr/.m2/repository/io/rest-assured/rest-assured/5.3.2/rest-assured-5.3.2.jar:/home/sulemamr/.m2/repository/org/apache/groovy/groovy/4.0.18/groovy-4.0.18.jar:/home/sulemamr/.m2/repository/org/apache/httpcomponents/httpclient/4.5.13/httpclient-4.5.13.jar:/home/sulemamr/.m2/repository/commons-logging/commons-logging/1.2/commons-logging-1.2.jar:/home/sulemamr/.m2/repository/org/apache/httpcomponents/httpmime/4.5.13/httpmime-4.5.13.jar:/home/sulemamr/.m2/repository/org/ccil/cowan/tagsoup/tagsoup/1.2.1/tagsoup-1.2.1.jar:/home/sulemamr/.m2/repository/io/rest-assured/json-path/5.3.2/json-path-5.3.2.jar:/home/sulemamr/.m2/repository/org/apache/groovy/groovy-json/4.0.18/groovy-json-4.0.18.jar:/home/sulemamr/.m2/repository/io/rest-assured/rest-assured-common/5.3.2/rest-assured-common-5.3.2.jar:/home/sulemamr/.m2/repository/io/rest-assured/xml-path/5.3.2/xml-path-5.3.2.jar:/home/sulemamr/.m2/repository/io/rest-assured/json-schema-validator/5.3.2/json-schema-validator-5.3.2.jar:/home/sulemamr/.m2/repository/com/github/java-json-tools/json-schema-validator/2.2.14/json-schema-validator-2.2.14.jar:/home/sulemamr/.m2/repository/com/github/java-json-tools/jackson-coreutils-equivalence/1.0/jackson-coreutils-equivalence-1.0.jar:/home/sulemamr/.m2/repository/com/github/java-json-tools/jackson-coreutils/2.0/jackson-coreutils-2.0.jar:/home/sulemamr/.m2/repository/com/github/java-json-tools/msg-simple/1.2/msg-simple-1.2.jar:/home/sulemamr/.m2/repository/com/github/java-json-tools/btf/1.3/btf-1.3.jar:/home/sulemamr/.m2/repository/com/github/java-json-tools/json-schema-core/1.2.14/json-schema-core-1.2.14.jar:/home/sulemamr/.m2/repository/com/github/java-json-tools/uri-template/0.10/uri-template-0.10.jar:/home/sulemamr/.m2/repository/org/mozilla/rhino/1.7.7.2/rhino-1.7.7.2.jar:/home/sulemamr/.m2/repository/com/sun/mail/mailapi/1.6.2/mailapi-1.6.2.jar:/home/sulemamr/.m2/repository/joda-time/joda-time/2.10.5/joda-time-2.10.5.jar:/home/sulemamr/.m2/repository/com/googlecode/libphonenumber/libphonenumber/8.11.1/libphonenumber-8.11.1.jar:/home/sulemamr/.m2/repository/net/sf/jopt-simple/jopt-simple/5.0.4/jopt-simple-5.0.4.jar:/home/sulemamr/.m2/repository/io/camunda/connector/connector-core/8.4.1/connector-core-8.4.1.jar:/home/sulemamr/.m2/repository/io/camunda/connector/connector-validation/8.4.1/connector-validation-8.4.1.jar:/home/sulemamr/.m2/repository/org/hibernate/validator/hibernate-validator/8.0.1.Final/hibernate-validator-8.0.1.Final.jar:/home/sulemamr/.m2/repository/jakarta/validation/jakarta.validation-api/3.0.2/jakarta.validation-api-3.0.2.jar:/home/sulemamr/.m2/repository/org/jboss/logging/jboss-logging/3.5.3.Final/jboss-logging-3.5.3.Final.jar:/home/sulemamr/.m2/repository/com/fasterxml/classmate/1.6.0/classmate-1.6.0.jar:/home/sulemamr/.m2/repository/io/camunda/connector/connector-http-base/8.4.1/connector-http-base-8.4.1.jar:/home/sulemamr/.m2/repository/org/danilopianini/gson-extras/1.2.0/gson-extras-1.2.0.jar:/home/sulemamr/.m2/repository/javax/annotation/jsr250-api/1.0/jsr250-api-1.0.jar:/home/sulemamr/.m2/repository/com/google/http-client/google-http-client-gson/1.43.3/google-http-client-gson-1.43.3.jar:/home/sulemamr/.m2/repository/com/google/http-client/google-http-client/1.43.3/google-http-client-1.43.3.jar:/home/sulemamr/.m2/repository/io/opencensus/opencensus-api/0.31.1/opencensus-api-0.31.1.jar:/home/sulemamr/.m2/repository/io/opencensus/opencensus-contrib-http-util/0.31.1/opencensus-contrib-http-util-0.31.1.jar:/home/sulemamr/.m2/repository/com/google/http-client/google-http-client-apache-v2/1.43.3/google-http-client-apache-v2-1.43.3.jar:/home/sulemamr/.m2/repository/com/google/auth/google-auth-library-oauth2-http/1.20.0/google-auth-library-oauth2-http-1.20.0.jar:/home/sulemamr/.m2/repository/com/google/auto/value/auto-value-annotations/1.10.4/auto-value-annotations-1.10.4.jar:/home/sulemamr/.m2/repository/com/google/auth/google-auth-library-credentials/1.20.0/google-auth-library-credentials-1.20.0.jar:/home/sulemamr/.m2/repository/org/apache/httpcomponents/httpcore/4.4.16/httpcore-4.4.16.jar:/home/sulemamr/.m2/repository/org/apache/commons/commons-text/1.11.0/commons-text-1.11.0.jar:/home/sulemamr/.m2/repository/org/slf4j/jcl-over-slf4j/2.0.12/jcl-over-slf4j-2.0.12.jar:/home/sulemamr/.m2/repository/io/camunda/connector/element-template-generator-core/8.4.1/element-template-generator-core-8.4.1.jar:/home/sulemamr/.m2/repository/com/fasterxml/jackson/core/jackson-databind/2.15.4/jackson-databind-2.15.4.jar:/home/sulemamr/.m2/repository/com/fasterxml/jackson/datatype/jackson-datatype-jdk8/2.15.4/jackson-datatype-jdk8-2.15.4.jar:/home/sulemamr/.m2/repository/com/fasterxml/jackson/datatype/jackson-datatype-jsr310/2.15.4/jackson-datatype-jsr310-2.15.4.jar:/home/sulemamr/.m2/repository/com/fasterxml/jackson/module/jackson-module-scala_3/2.15.4/jackson-module-scala_3-2.15.4.jar:/home/sulemamr/.m2/repository/org/scala-lang/scala3-library_3/3.2.2/scala3-library_3-3.2.2.jar:/home/sulemamr/.m2/repository/org/scala-lang/scala-library/2.13.10/scala-library-2.13.10.jar:/home/sulemamr/.m2/repository/com/thoughtworks/paranamer/paranamer/2.8/paranamer-2.8.jar:/home/sulemamr/.m2/repository/io/camunda/connector/spring-boot-starter-camunda-connectors/8.4.1/spring-boot-starter-camunda-connectors-8.4.1.jar:/home/sulemamr/.m2/repository/io/camunda/connector/connector-runtime-spring/8.4.1/connector-runtime-spring-8.4.1.jar:/home/sulemamr/.m2/repository/io/camunda/connector/connector-runtime-core/8.4.1/connector-runtime-core-8.4.1.jar:/home/sulemamr/.m2/repository/io/camunda/connector/jackson-datatype-feel/8.4.1/jackson-datatype-feel-8.4.1.jar:/home/sulemamr/.m2/repository/io/camunda/connector/connector-feel-wrapper/8.4.1/connector-feel-wrapper-8.4.1.jar:"/>
    <property name="sun.cpu.endian" value="little"/>
    <property name="user.home" value="/home/sulemamr"/>
    <property name="user.language" value="en"/>
    <property name="java.specification.vendor" value="Oracle Corporation"/>
    <property name="java.version.date" value="2024-04-16"/>
    <property name="java.home" value="/usr/lib/jvm/java-21-openjdk-amd64"/>
    <property name="file.separator" value="/"/>
    <property name="basedir" value="/home/sulemamr/Downloads/push_notification_bpmn/push-notification-workflow"/>
    <property name="java.vm.compressedOopsMode" value="Zero based"/>
    <property name="line.separator" value="&#10;"/>
    <property name="java.vm.specification.vendor" value="Oracle Corporation"/>
    <property name="java.specification.name" value="Java Platform API Specification"/>
    <property name="FILE_LOG_CHARSET" value="UTF-8"/>
    <property name="java.awt.headless" value="true"/>
    <property name="surefire.real.class.path" value="/home/sulemamr/Downloads/push_notification_bpmn/push-notification-workflow/target/surefire/surefirebooter-20240724113012067_3.jar"/>
    <property name="sun.management.compiler" value="HotSpot 64-Bit Tiered Compilers"/>
    <property name="java.runtime.version" value="21.0.3+9-Ubuntu-1ubuntu120.04.1"/>
    <property name="user.name" value="sulemamr"/>
    <property name="stdout.encoding" value="UTF-8"/>
    <property name="path.separator" value=":"/>
    <property name="os.version" value="5.15.0-113-generic"/>
    <property name="java.runtime.name" value="OpenJDK Runtime Environment"/>
    <property name="file.encoding" value="UTF-8"/>
    <property name="java.vm.name" value="OpenJDK 64-Bit Server VM"/>
    <property name="localRepository" value="/home/sulemamr/.m2/repository"/>
    <property name="java.vendor.url.bug" value="https://bugs.launchpad.net/ubuntu/+source/openjdk-21"/>
    <property name="java.io.tmpdir" value="/tmp"/>
    <property name="catalina.home" value="/tmp/tomcat.8080.9888781910168964971"/>
    <property name="java.version" value="21.0.3"/>
    <property name="user.dir" value="/home/sulemamr/Downloads/push_notification_bpmn/push-notification-workflow"/>
    <property name="os.arch" value="amd64"/>
    <property name="java.vm.specification.name" value="Java Virtual Machine Specification"/>
    <property name="PID" value="879589"/>
    <property name="CONSOLE_LOG_CHARSET" value="UTF-8"/>
    <property name="catalina.base" value="/tmp/tomcat.8080.9888781910168964971"/>
    <property name="native.encoding" value="UTF-8"/>
    <property name="java.library.path" value="/usr/java/packages/lib:/usr/lib/x86_64-linux-gnu/jni:/lib/x86_64-linux-gnu:/usr/lib/x86_64-linux-gnu:/usr/lib/jni:/lib:/usr/lib"/>
    <property name="java.vm.info" value="mixed mode, sharing"/>
    <property name="stderr.encoding" value="UTF-8"/>
    <property name="java.vendor" value="Ubuntu"/>
    <property name="java.vm.version" value="21.0.3+9-Ubuntu-1ubuntu120.04.1"/>
    <property name="https.protocols" value="TLSv1,TLSv1.1,TLSv1.2"/>
    <property name="sun.io.unicode.encoding" value="UnicodeLittle"/>
    <property name="java.class.version" value="65.0"/>
  </properties>
  <testcase name="view_puk_end_to_end_happy_test" classname="za.co.telkom.bpmn.test.PushTest" time="3.665">
    <system-out><![CDATA[11:30:14.139 [MockServer-EventLog0] INFO org.mockserver.log.MockServerEventLog -- 2020 started on port: 2020

  .   ____          _            __ _ _
 /\\ / ___'_ __ _ _(_)_ __  __ _ \ \ \ \
( ( )\___ | '_ | '_| | '_ \/ _` | \ \ \ \
 \\/  ___)| |_)| | | | | || (_| |  ) ) ) )
  '  |____| .__|_| |_|_| |_\__, | / / / /
 =========|_|==============|___/=/_/_/_/
 :: Spring Boot ::                (v3.2.3)

2024-07-24T11:30:14.608+02:00  INFO 879589 --- [           main] za.co.telkom.bpmn.test.PushTest          : Starting PushTest using Java 21.0.3 with PID 879589 (started by sulemamr in /home/sulemamr/Downloads/push_notification_bpmn/push-notification-workflow)
2024-07-24T11:30:14.609+02:00  INFO 879589 --- [           main] za.co.telkom.bpmn.test.PushTest          : No active profile set, falling back to 1 default profile: "default"
2024-07-24T11:30:16.332+02:00  WARN 879589 --- [           main] trationDelegate$BeanPostProcessorChecker : Bean 'io.camunda.zeebe.spring.client.annotation.processor.AnnotationProcessorConfiguration' of type [io.camunda.zeebe.spring.client.annotation.processor.AnnotationProcessorConfiguration] is not eligible for getting processed by all BeanPostProcessors (for example: not eligible for auto-proxying). The currently created BeanPostProcessor [zeebeAnnotationProcessorRegistry] is declared through a non-static factory method on that class; consider declaring it as static instead.
2024-07-24T11:30:16.335+02:00  WARN 879589 --- [           main] trationDelegate$BeanPostProcessorChecker : Bean 'io.camunda.connector.runtime.outbound.OutboundConnectorRuntimeConfiguration' of type [io.camunda.connector.runtime.outbound.OutboundConnectorRuntimeConfiguration$$SpringCGLIB$$0] is not eligible for getting processed by all BeanPostProcessors (for example: not eligible for auto-proxying). Is this bean getting eagerly injected into a currently created BeanPostProcessor [zeebeAnnotationProcessorRegistry]? Check the corresponding BeanPostProcessor declaration and its dependencies.
2024-07-24T11:30:16.409+02:00  WARN 879589 --- [           main] trationDelegate$BeanPostProcessorChecker : Bean 'zeebe.client-io.camunda.zeebe.spring.client.properties.ZeebeClientConfigurationProperties' of type [io.camunda.zeebe.spring.client.properties.ZeebeClientConfigurationProperties] is not eligible for getting processed by all BeanPostProcessors (for example: not eligible for auto-proxying). Is this bean getting eagerly injected into a currently created BeanPostProcessor [zeebeAnnotationProcessorRegistry]? Check the corresponding BeanPostProcessor declaration and its dependencies.
2024-07-24T11:30:16.410+02:00  WARN 879589 --- [           main] trationDelegate$BeanPostProcessorChecker : Bean 'io.camunda.zeebe.spring.client.configuration.ZeebeClientAllAutoConfiguration' of type [io.camunda.zeebe.spring.client.configuration.ZeebeClientAllAutoConfiguration] is not eligible for getting processed by all BeanPostProcessors (for example: not eligible for auto-proxying). Is this bean getting eagerly injected into a currently created BeanPostProcessor [zeebeAnnotationProcessorRegistry]? Check the corresponding BeanPostProcessor declaration and its dependencies.
2024-07-24T11:30:16.413+02:00  WARN 879589 --- [           main] trationDelegate$BeanPostProcessorChecker : Bean 'zeebeClientExecutorService' of type [io.camunda.zeebe.spring.client.jobhandling.ZeebeClientExecutorService] is not eligible for getting processed by all BeanPostProcessors (for example: not eligible for auto-proxying). Is this bean getting eagerly injected into a currently created BeanPostProcessor [zeebeAnnotationProcessorRegistry]? Check the corresponding BeanPostProcessor declaration and its dependencies.
2024-07-24T11:30:16.418+02:00  WARN 879589 --- [           main] trationDelegate$BeanPostProcessorChecker : Bean 'commandExceptionHandlingStrategy' of type [io.camunda.zeebe.spring.client.jobhandling.DefaultCommandExceptionHandlingStrategy] is not eligible for getting processed by all BeanPostProcessors (for example: not eligible for auto-proxying). Is this bean getting eagerly injected into a currently created BeanPostProcessor [zeebeAnnotationProcessorRegistry]? Check the corresponding BeanPostProcessor declaration and its dependencies.
2024-07-24T11:30:16.420+02:00  WARN 879589 --- [           main] trationDelegate$BeanPostProcessorChecker : Bean 'io.camunda.zeebe.spring.client.CamundaAutoConfiguration' of type [io.camunda.zeebe.spring.client.CamundaAutoConfiguration$$SpringCGLIB$$0] is not eligible for getting processed by all BeanPostProcessors (for example: not eligible for auto-proxying). Is this bean getting eagerly injected into a currently created BeanPostProcessor [zeebeAnnotationProcessorRegistry]? Check the corresponding BeanPostProcessor declaration and its dependencies.
2024-07-24T11:30:16.426+02:00  WARN 879589 --- [           main] trationDelegate$BeanPostProcessorChecker : Bean 'io.camunda.connector.runtime.OutboundConnectorsAutoConfiguration' of type [io.camunda.connector.runtime.OutboundConnectorsAutoConfiguration] is not eligible for getting processed by all BeanPostProcessors (for example: not eligible for auto-proxying). Is this bean getting eagerly injected into a currently created BeanPostProcessor [zeebeAnnotationProcessorRegistry]? Check the corresponding BeanPostProcessor declaration and its dependencies.
2024-07-24T11:30:16.752+02:00  INFO 879589 --- [           main] org.camunda.feel.FeelEngine              : Engine created. [value-mapper: CompositeValueMapper(List(org.camunda.feel.impl.JavaValueMapper@42dd7d82)), function-provider: io.camunda.connector.feel.FeelConnectorFunctionProvider@f793f15, clock: SystemClock, configuration: {externalFunctionsEnabled: false}]
2024-07-24T11:30:16.999+02:00  INFO 879589 --- [           main] org.camunda.feel.FeelEngine              : Engine created. [value-mapper: CompositeValueMapper(List(org.camunda.feel.impl.JavaValueMapper@59c08cf1)), function-provider: io.camunda.connector.feel.FeelConnectorFunctionProvider@45f0038, clock: SystemClock, configuration: {externalFunctionsEnabled: false}]
2024-07-24T11:30:17.021+02:00  WARN 879589 --- [           main] trationDelegate$BeanPostProcessorChecker : Bean 'objectMapper' of type [com.fasterxml.jackson.databind.json.JsonMapper] is not eligible for getting processed by all BeanPostProcessors (for example: not eligible for auto-proxying). Is this bean getting eagerly injected into a currently created BeanPostProcessor [zeebeAnnotationProcessorRegistry]? Check the corresponding BeanPostProcessor declaration and its dependencies.
2024-07-24T11:30:17.024+02:00  WARN 879589 --- [           main] trationDelegate$BeanPostProcessorChecker : Bean 'zeebeJsonMapper' of type [io.camunda.zeebe.client.impl.ZeebeObjectMapper] is not eligible for getting processed by all BeanPostProcessors (for example: not eligible for auto-proxying). Is this bean getting eagerly injected into a currently created BeanPostProcessor [zeebeAnnotationProcessorRegistry]? Check the corresponding BeanPostProcessor declaration and its dependencies.
2024-07-24T11:30:17.026+02:00  WARN 879589 --- [           main] trationDelegate$BeanPostProcessorChecker : Bean 'io.camunda.zeebe.spring.client.configuration.ZeebeActuatorConfiguration' of type [io.camunda.zeebe.spring.client.configuration.ZeebeActuatorConfiguration] is not eligible for getting processed by all BeanPostProcessors (for example: not eligible for auto-proxying). Is this bean getting eagerly injected into a currently created BeanPostProcessor [zeebeAnnotationProcessorRegistry]? Check the corresponding BeanPostProcessor declaration and its dependencies.
2024-07-24T11:30:17.117+02:00  INFO 879589 --- [           main] i.c.z.s.c.a.MicrometerMetricsRecorder    : Enabling Micrometer based metrics for spring-zeebe (available via Actuator)
2024-07-24T11:30:17.119+02:00  WARN 879589 --- [           main] trationDelegate$BeanPostProcessorChecker : Bean 'micrometerMetricsRecorder' of type [io.camunda.zeebe.spring.client.actuator.MicrometerMetricsRecorder] is not eligible for getting processed by all BeanPostProcessors (for example: not eligible for auto-proxying). Is this bean getting eagerly injected into a currently created BeanPostProcessor [zeebeAnnotationProcessorRegistry]? Check the corresponding BeanPostProcessor declaration and its dependencies.
2024-07-24T11:30:17.126+02:00  WARN 879589 --- [           main] trationDelegate$BeanPostProcessorChecker : Bean 'jobWorkerManager' of type [io.camunda.zeebe.spring.client.jobhandling.JobWorkerManager] is not eligible for getting processed by all BeanPostProcessors (for example: not eligible for auto-proxying). Is this bean getting eagerly injected into a currently created BeanPostProcessor [zeebeAnnotationProcessorRegistry]? Check the corresponding BeanPostProcessor declaration and its dependencies.
2024-07-24T11:30:17.146+02:00  WARN 879589 --- [           main] trationDelegate$BeanPostProcessorChecker : Bean 'outboundConnectorFactory' of type [io.camunda.connector.runtime.core.outbound.DefaultOutboundConnectorFactory] is not eligible for getting processed by all BeanPostProcessors (for example: not eligible for auto-proxying). Is this bean getting eagerly injected into a currently created BeanPostProcessor [zeebeAnnotationProcessorRegistry]? Check the corresponding BeanPostProcessor declaration and its dependencies.
2024-07-24T11:30:17.150+02:00  INFO 879589 --- [           main] .c.c.r.e.SpringEnvironmentSecretProvider : No prefix has been configured, all environment variables are available as connector secrets
2024-07-24T11:30:17.150+02:00  WARN 879589 --- [           main] trationDelegate$BeanPostProcessorChecker : Bean 'defaultSecretProvider' of type [io.camunda.connector.runtime.env.SpringEnvironmentSecretProvider] is not eligible for getting processed by all BeanPostProcessors (for example: not eligible for auto-proxying). Is this bean getting eagerly injected into a currently created BeanPostProcessor [zeebeAnnotationProcessorRegistry]? Check the corresponding BeanPostProcessor declaration and its dependencies.
2024-07-24T11:30:17.154+02:00  WARN 879589 --- [           main] trationDelegate$BeanPostProcessorChecker : Bean 'springSecretProviderAggregator' of type [io.camunda.connector.runtime.core.secret.SecretProviderAggregator] is not eligible for getting processed by all BeanPostProcessors (for example: not eligible for auto-proxying). Is this bean getting eagerly injected into a currently created BeanPostProcessor [zeebeAnnotationProcessorRegistry]? Check the corresponding BeanPostProcessor declaration and its dependencies.
2024-07-24T11:30:17.162+02:00  WARN 879589 --- [           main] trationDelegate$BeanPostProcessorChecker : Bean 'outboundConnectorManager' of type [io.camunda.connector.runtime.outbound.lifecycle.OutboundConnectorManager] is not eligible for getting processed by all BeanPostProcessors (for example: not eligible for auto-proxying). Is this bean getting eagerly injected into a currently created BeanPostProcessor [zeebeAnnotationProcessorRegistry]? Check the corresponding BeanPostProcessor declaration and its dependencies.
2024-07-24T11:30:17.167+02:00  WARN 879589 --- [           main] trationDelegate$BeanPostProcessorChecker : Bean 'annotationProcessor' of type [io.camunda.connector.runtime.outbound.lifecycle.OutboundConnectorAnnotationProcessor] is not eligible for getting processed by all BeanPostProcessors (for example: not eligible for auto-proxying). Is this bean getting eagerly injected into a currently created BeanPostProcessor [zeebeAnnotationProcessorRegistry]? Check the corresponding BeanPostProcessor declaration and its dependencies.
2024-07-24T11:30:17.170+02:00  WARN 879589 --- [           main] trationDelegate$BeanPostProcessorChecker : Bean 'deploymentPostProcessor' of type [io.camunda.zeebe.spring.client.annotation.processor.ZeebeDeploymentAnnotationProcessor] is not eligible for getting processed by all BeanPostProcessors (for example: not eligible for auto-proxying). Is this bean getting eagerly injected into a currently created BeanPostProcessor [zeebeAnnotationProcessorRegistry]? Check the corresponding BeanPostProcessor declaration and its dependencies.
2024-07-24T11:30:17.175+02:00  WARN 879589 --- [           main] trationDelegate$BeanPostProcessorChecker : Bean 'propertyBasedZeebeWorkerValueCustomizer' of type [io.camunda.zeebe.spring.client.properties.PropertyBasedZeebeWorkerValueCustomizer] is not eligible for getting processed by all BeanPostProcessors (for example: not eligible for auto-proxying). Is this bean getting eagerly injected into a currently created BeanPostProcessor [zeebeAnnotationProcessorRegistry]? Check the corresponding BeanPostProcessor declaration and its dependencies.
2024-07-24T11:30:17.181+02:00  WARN 879589 --- [           main] trationDelegate$BeanPostProcessorChecker : Bean 'zeebeWorkerPostProcessor' of type [io.camunda.zeebe.spring.client.annotation.processor.ZeebeWorkerAnnotationProcessor] is not eligible for getting processed by all BeanPostProcessors (for example: not eligible for auto-proxying). Is this bean getting eagerly injected into a currently created BeanPostProcessor [zeebeAnnotationProcessorRegistry]? Check the corresponding BeanPostProcessor declaration and its dependencies.
2024-07-24T11:30:17.476+02:00  INFO 879589 --- [           main] o.s.b.w.embedded.tomcat.TomcatWebServer  : Tomcat initialized with port 8080 (http)
2024-07-24 11:30:17 5.15.0 INFO Initializing ProtocolHandler ["http-nio-8080"] 
2024-07-24 11:30:17 5.15.0 INFO Starting service [Tomcat] 
2024-07-24 11:30:17 5.15.0 INFO Starting Servlet engine: [Apache Tomcat/10.1.19] 
2024-07-24 11:30:17 5.15.0 INFO Initializing Spring embedded WebApplicationContext 
2024-07-24T11:30:17.601+02:00  INFO 879589 --- [           main] w.s.c.ServletWebServerApplicationContext : Root WebApplicationContext: initialization completed in 2707 ms
2024-07-24T11:30:17.769+02:00  INFO 879589 --- [           main] c.a.p.ZeebeDeploymentAnnotationProcessor : Configuring deployment: ZeebeDeploymentValue{resources=[classpath*:/processes/**/*.bpmn], beanInfo=io.camunda.zeebe.spring.client.bean.ClassInfo@3487947c}
2024-07-24T11:30:18.074+02:00  WARN 879589 --- [           main] o.s.b.a.m.MustacheAutoConfiguration      : Cannot find template location: classpath:/templates/ (please add some templates, check your Mustache configuration, or set spring.mustache.check-template-location=false)
2024-07-24T11:30:18.087+02:00  INFO 879589 --- [           main] org.camunda.feel.FeelEngine              : Engine created. [value-mapper: CompositeValueMapper(List(org.camunda.feel.impl.JavaValueMapper@7187078a)), function-provider: io.camunda.connector.feel.FeelConnectorFunctionProvider@6e612122, clock: SystemClock, configuration: {externalFunctionsEnabled: false}]
2024-07-24T11:30:18.194+02:00 ERROR 879589 --- [           main] i.c.c.auth.DefaultNoopAuthentication     : Unable to determine authentication. Please check your configuration
2024-07-24T11:30:18.610+02:00  INFO 879589 --- [           main] org.ehcache.core.EhcacheManager          : Cache 'tokenCache' created in EhcacheManager.
2024-07-24T11:30:18.893+02:00  INFO 879589 --- [           main] o.s.b.a.e.web.EndpointLinksResolver      : Exposing 1 endpoint(s) beneath base path '/actuator'
2024-07-24 11:30:19 5.15.0 INFO Starting ProtocolHandler ["http-nio-8080"] 
2024-07-24T11:30:19.073+02:00  INFO 879589 --- [           main] o.s.b.w.embedded.tomcat.TomcatWebServer  : Tomcat started on port 8080 (http) with context path ''
2024-07-24T11:30:19.092+02:00  INFO 879589 --- [           main] za.co.telkom.bpmn.test.PushTest          : Started PushTest in 4.918 seconds (process running for 6.883)
2024-07-24T11:30:19.224+02:00  INFO 879589 --- [           main] i.c.z.s.test.ZeebeTestExecutionListener  : Create Zeebe in-memory engine for test run on random port: 13415...
2024-07-24T11:30:19.473+02:00  INFO 879589 --- [    zb-actors-6] io.camunda.zeebe.logstreams              : Recovered state of partition 1 from snapshot at position -1
2024-07-24T11:30:19.508+02:00  INFO 879589 --- [    zb-actors-6] org.camunda.feel.FeelEngine              : Engine created. [value-mapper: CompositeValueMapper(List(io.camunda.zeebe.feel.impl.MessagePackValueMapper@293d0b7b)), function-provider: io.camunda.zeebe.feel.impl.FeelFunctionProvider@2658b978, clock: io.camunda.zeebe.engine.processing.bpmn.clock.ZeebeFeelEngineClock@2486249a, configuration: {externalFunctionsEnabled: false}]
2024-07-24T11:30:19.559+02:00  INFO 879589 --- [    zb-actors-6] org.camunda.dmn.DmnEngine                : DMN-Engine created. [value-mapper: CompositeValueMapper(List(io.camunda.zeebe.feel.impl.MessagePackValueMapper@3217080b)), function-provider: org.camunda.feel.context.FunctionProvider$EmptyFunctionProvider$@20bcc9aa, audit-loggers: List(), configuration: Configuration(false,false,false)]
2024-07-24T11:30:19.564+02:00  INFO 879589 --- [    zb-actors-6] org.camunda.feel.FeelEngine              : Engine created. [value-mapper: CompositeValueMapper(List(org.camunda.dmn.NoUnpackValueMapper@575161ed)), function-provider: org.camunda.feel.context.FunctionProvider$EmptyFunctionProvider$@20bcc9aa, clock: SystemClock, configuration: {externalFunctionsEnabled: false}]
2024-07-24T11:30:19.618+02:00  INFO 879589 --- [    zb-actors-6] org.camunda.dmn.DmnEngine                : DMN-Engine created. [value-mapper: CompositeValueMapper(List(io.camunda.zeebe.feel.impl.MessagePackValueMapper@114dfb1e)), function-provider: org.camunda.feel.context.FunctionProvider$EmptyFunctionProvider$@20bcc9aa, audit-loggers: List(), configuration: Configuration(false,false,false)]
2024-07-24T11:30:19.619+02:00  INFO 879589 --- [    zb-actors-6] org.camunda.feel.FeelEngine              : Engine created. [value-mapper: CompositeValueMapper(List(org.camunda.dmn.NoUnpackValueMapper@3cbfaa4a)), function-provider: org.camunda.feel.context.FunctionProvider$EmptyFunctionProvider$@20bcc9aa, clock: SystemClock, configuration: {externalFunctionsEnabled: false}]
2024-07-24T11:30:19.650+02:00  INFO 879589 --- [    zb-actors-6] org.camunda.dmn.DmnEngine                : DMN-Engine created. [value-mapper: CompositeValueMapper(List(io.camunda.zeebe.feel.impl.MessagePackValueMapper@45410f6f)), function-provider: org.camunda.feel.context.FunctionProvider$EmptyFunctionProvider$@20bcc9aa, audit-loggers: List(), configuration: Configuration(false,false,false)]
2024-07-24T11:30:19.651+02:00  INFO 879589 --- [    zb-actors-6] org.camunda.feel.FeelEngine              : Engine created. [value-mapper: CompositeValueMapper(List(org.camunda.dmn.NoUnpackValueMapper@41fda11c)), function-provider: org.camunda.feel.context.FunctionProvider$EmptyFunctionProvider$@20bcc9aa, clock: SystemClock, configuration: {externalFunctionsEnabled: false}]
2024-07-24T11:30:19.654+02:00  INFO 879589 --- [    zb-actors-6] org.camunda.feel.FeelEngine              : Engine created. [value-mapper: CompositeValueMapper(List(io.camunda.zeebe.feel.impl.MessagePackValueMapper@799c5adc)), function-provider: io.camunda.zeebe.feel.impl.FeelFunctionProvider@7b131824, clock: io.camunda.zeebe.engine.processing.bpmn.clock.ZeebeFeelEngineClock@767efa32, configuration: {externalFunctionsEnabled: false}]
2024-07-24T11:30:19.685+02:00  INFO 879589 --- [    zb-actors-6] org.camunda.feel.FeelEngine              : Engine created. [value-mapper: CompositeValueMapper(List(io.camunda.zeebe.feel.impl.MessagePackValueMapper@56f02ea8)), function-provider: io.camunda.zeebe.feel.impl.FeelFunctionProvider@47986aec, clock: io.camunda.zeebe.engine.processing.bpmn.clock.ZeebeFeelEngineClock@583b4f70, configuration: {externalFunctionsEnabled: false}]
2024-07-24T11:30:19.687+02:00  INFO 879589 --- [    zb-actors-6] org.camunda.feel.FeelEngine              : Engine created. [value-mapper: CompositeValueMapper(List(io.camunda.zeebe.feel.impl.MessagePackValueMapper@2b8771af)), function-provider: io.camunda.zeebe.feel.impl.FeelFunctionProvider@5fa003ea, clock: io.camunda.zeebe.engine.processing.bpmn.clock.ZeebeFeelEngineClock@3d4773e8, configuration: {externalFunctionsEnabled: false}]
2024-07-24T11:30:19.715+02:00  INFO 879589 --- [    zb-actors-6] org.camunda.dmn.DmnEngine                : DMN-Engine created. [value-mapper: CompositeValueMapper(List(io.camunda.zeebe.feel.impl.MessagePackValueMapper@423e0b5)), function-provider: org.camunda.feel.context.FunctionProvider$EmptyFunctionProvider$@20bcc9aa, audit-loggers: List(), configuration: Configuration(false,false,false)]
2024-07-24T11:30:19.716+02:00  INFO 879589 --- [    zb-actors-6] org.camunda.feel.FeelEngine              : Engine created. [value-mapper: CompositeValueMapper(List(org.camunda.dmn.NoUnpackValueMapper@285d6050)), function-provider: org.camunda.feel.context.FunctionProvider$EmptyFunctionProvider$@20bcc9aa, clock: SystemClock, configuration: {externalFunctionsEnabled: false}]
2024-07-24T11:30:19.776+02:00  INFO 879589 --- [    zb-actors-6] io.camunda.zeebe.processor               : Processor starts replay of events. [snapshot-position: -1, replay-mode: PROCESSING]
2024-07-24T11:30:19.780+02:00  INFO 879589 --- [           main] z.s.t.AbstractZeebeTestExecutionListener : Test engine setup. Now starting deployments and workers...
2024-07-24T11:30:19.778+02:00  INFO 879589 --- [    zb-actors-6] io.camunda.zeebe.processor               : Processor finished replay, with [lastProcessedPosition: -1, lastWrittenPosition: -1]
2024-07-24T11:30:19.890+02:00  INFO 879589 --- [           main] org.camunda.feel.FeelEngine              : Engine created. [value-mapper: CompositeValueMapper(List(org.camunda.feel.impl.JavaValueMapper@75e068dc)), function-provider: io.camunda.connector.feel.FeelConnectorFunctionProvider@437a4e61, clock: SystemClock, configuration: {externalFunctionsEnabled: false}]
2024-07-24T11:30:19.969+02:00  INFO 879589 --- [           main] i.c.z.s.c.jobhandling.JobWorkerManager   : . Starting Zeebe worker: ZeebeWorkerValue{type='io.camunda:http-json:1', name='HTTP REST', timeout=null, maxJobsActive=null, requestTimeout=null, pollInterval=null, autoComplete=true, fetchVariables=[url, method, authentication, headers, queryParameters, connectionTimeoutInSeconds, readTimeoutInSeconds, writeTimeoutInSeconds, body], enabled=null, methodInfo=null}
2024-07-24T11:30:20.843+02:00  INFO 879589 --- [           main] c.a.p.ZeebeDeploymentAnnotationProcessor : Deployed: <process-view-bill-so-far:1>
2024-07-24T11:30:20.845+02:00  INFO 879589 --- [           main] z.s.t.AbstractZeebeTestExecutionListener : ...deployments and workers started.
2024-07-24T11:30:21.862+02:00  INFO 879589 --- [erver-EventLog0] org.mockserver.log.MockServerEventLog    : 2020 creating expectation:

  {
    "httpRequest" : {
      "method" : "GET",
      "path" : "/financial-summary/api/v1/ban-number/123456790"
    },
    "httpResponse" : {
      "statusCode" : 200,
      "headers" : {
        "Content-Type" : [ "application/json; charset=utf-8" ],
        "Cache-Control" : [ "public, max-age=86400" ]
      },
      "body" : "hello"
    },
    "id" : "3a7d5cd5-fe09-47a3-9549-0a582c899ec5",
    "priority" : 0,
    "timeToLive" : {
      "unlimited" : true
    },
    "times" : {
      "unlimited" : true
    }
  }

 with id:

  3a7d5cd5-fe09-47a3-9549-0a582c899ec5

2024-07-24T11:30:21.883+02:00  INFO 879589 --- [erver-EventLog0] org.mockserver.log.MockServerEventLog    : 2020 creating expectation:

  {
    "httpRequest" : {
      "method" : "GET",
      "path" : "/products/api/v1/ban-number/123456790"
    },
    "httpResponse" : {
      "statusCode" : 200,
      "headers" : {
        "Content-Type" : [ "application/json; charset=utf-8" ],
        "Cache-Control" : [ "public, max-age=86400" ]
      },
      "body" : "hello"
    },
    "id" : "2ae5b0ee-2e8a-43f9-b505-40b6ac9973a2",
    "priority" : 0,
    "timeToLive" : {
      "unlimited" : true
    },
    "times" : {
      "unlimited" : true
    }
  }

 with id:

  2ae5b0ee-2e8a-43f9-b505-40b6ac9973a2

2024-07-24T11:30:21.887+02:00  INFO 879589 --- [           main] za.co.telkom.bpmn.test.PushTest          : Step 1 : Start Process
2024-07-24T11:30:22.135+02:00  INFO 879589 --- [pool-6-thread-1] i.c.c.r.c.outbound.ConnectorJobHandler   : Received job: 2251799813685278 for tenant: 
2024-07-24T11:30:22.173+02:00  INFO 879589 --- [pool-6-thread-1] org.camunda.feel.FeelEngine              : Engine created. [value-mapper: CompositeValueMapper(List(org.camunda.feel.impl.JavaValueMapper@1df04d41)), function-provider: io.camunda.connector.feel.FeelConnectorFunctionProvider@6e9ca652, clock: SystemClock, configuration: {externalFunctionsEnabled: false}]
2024-07-24T11:30:22.436+02:00  INFO 879589 --- [erver-EventLog0] org.mockserver.log.MockServerEventLog    : 2020 received request:

  {
    "method" : "GET",
    "path" : "/financial-summary/api/v1/ban-number/123456790",
    "headers" : {
      "content-length" : [ "0" ],
      "User-Agent" : [ "Google-HTTP-Java-Client/1.43.3 (gzip)" ],
      "Host" : [ "localhost:2020" ],
      "Connection" : [ "Keep-Alive" ],
      "Accept-Encoding" : [ "gzip" ]
    },
    "keepAlive" : true,
    "secure" : false,
    "protocol" : "HTTP_1_1",
    "localAddress" : "127.0.0.1:2020",
    "remoteAddress" : "127.0.0.1:57410"
  }

2024-07-24T11:30:22.439+02:00  INFO 879589 --- [erver-EventLog0] org.mockserver.log.MockServerEventLog    : 2020 request:

  {
    "method" : "GET",
    "path" : "/financial-summary/api/v1/ban-number/123456790",
    "headers" : {
      "content-length" : [ "0" ],
      "User-Agent" : [ "Google-HTTP-Java-Client/1.43.3 (gzip)" ],
      "Host" : [ "localhost:2020" ],
      "Connection" : [ "Keep-Alive" ],
      "Accept-Encoding" : [ "gzip" ]
    },
    "keepAlive" : true,
    "secure" : false,
    "protocol" : "HTTP_1_1",
    "localAddress" : "127.0.0.1:2020",
    "remoteAddress" : "127.0.0.1:57410"
  }

 matched expectation:

  {
    "httpRequest" : {
      "method" : "GET",
      "path" : "/financial-summary/api/v1/ban-number/123456790"
    },
    "httpResponse" : {
      "statusCode" : 200,
      "headers" : {
        "Content-Type" : [ "application/json; charset=utf-8" ],
        "Cache-Control" : [ "public, max-age=86400" ]
      },
      "body" : "hello"
    },
    "id" : "3a7d5cd5-fe09-47a3-9549-0a582c899ec5",
    "priority" : 0,
    "timeToLive" : {
      "unlimited" : true
    },
    "times" : {
      "unlimited" : true
    }
  }

2024-07-24T11:30:22.446+02:00  INFO 879589 --- [erver-EventLog0] org.mockserver.log.MockServerEventLog    : 2020 returning response:

  {
    "statusCode" : 200,
    "headers" : {
      "Content-Type" : [ "application/json; charset=utf-8" ],
      "Cache-Control" : [ "public, max-age=86400" ]
    },
    "body" : "hello"
  }

 for request:

  {
    "method" : "GET",
    "path" : "/financial-summary/api/v1/ban-number/123456790",
    "headers" : {
      "content-length" : [ "0" ],
      "User-Agent" : [ "Google-HTTP-Java-Client/1.43.3 (gzip)" ],
      "Host" : [ "localhost:2020" ],
      "Connection" : [ "Keep-Alive" ],
      "Accept-Encoding" : [ "gzip" ]
    },
    "keepAlive" : true,
    "secure" : false,
    "protocol" : "HTTP_1_1",
    "localAddress" : "127.0.0.1:2020",
    "remoteAddress" : "127.0.0.1:57410"
  }

 for action:

  {
    "statusCode" : 200,
    "headers" : {
      "Content-Type" : [ "application/json; charset=utf-8" ],
      "Cache-Control" : [ "public, max-age=86400" ]
    },
    "body" : "hello"
  }

 from expectation:

  3a7d5cd5-fe09-47a3-9549-0a582c899ec5

2024-07-24T11:30:22.683+02:00  INFO 879589 --- [pool-6-thread-1] i.c.c.r.c.outbound.ConnectorJobHandler   : Received job: 2251799813685290 for tenant: 
2024-07-24T11:30:22.709+02:00  INFO 879589 --- [erver-EventLog0] org.mockserver.log.MockServerEventLog    : 2020 received request:

  {
    "method" : "GET",
    "path" : "/products/api/v1/ban-number/123456790",
    "headers" : {
      "content-length" : [ "0" ],
      "User-Agent" : [ "Google-HTTP-Java-Client/1.43.3 (gzip)" ],
      "Host" : [ "localhost:2020" ],
      "Connection" : [ "Keep-Alive" ],
      "Accept-Encoding" : [ "gzip" ]
    },
    "keepAlive" : true,
    "secure" : false,
    "protocol" : "HTTP_1_1",
    "localAddress" : "127.0.0.1:2020",
    "remoteAddress" : "127.0.0.1:57410"
  }

2024-07-24T11:30:22.710+02:00  INFO 879589 --- [erver-EventLog0] org.mockserver.log.MockServerEventLog    : 2020 request:

  {
    "method" : "GET",
    "path" : "/products/api/v1/ban-number/123456790",
    "headers" : {
      "content-length" : [ "0" ],
      "User-Agent" : [ "Google-HTTP-Java-Client/1.43.3 (gzip)" ],
      "Host" : [ "localhost:2020" ],
      "Connection" : [ "Keep-Alive" ],
      "Accept-Encoding" : [ "gzip" ]
    },
    "keepAlive" : true,
    "secure" : false,
    "protocol" : "HTTP_1_1",
    "localAddress" : "127.0.0.1:2020",
    "remoteAddress" : "127.0.0.1:57410"
  }

 didn't match expectation:

  {
    "httpRequest" : {
      "method" : "GET",
      "path" : "/financial-summary/api/v1/ban-number/123456790"
    },
    "httpResponse" : {
      "statusCode" : 200,
      "headers" : {
        "Content-Type" : [ "application/json; charset=utf-8" ],
        "Cache-Control" : [ "public, max-age=86400" ]
      },
      "body" : "hello"
    },
    "id" : "3a7d5cd5-fe09-47a3-9549-0a582c899ec5",
    "priority" : 0,
    "timeToLive" : {
      "unlimited" : true
    },
    "times" : {
      "unlimited" : true
    }
  }

 because:

  method matched
  path didn't match

2024-07-24T11:30:22.712+02:00  INFO 879589 --- [erver-EventLog0] org.mockserver.log.MockServerEventLog    : 2020 request:

  {
    "method" : "GET",
    "path" : "/products/api/v1/ban-number/123456790",
    "headers" : {
      "content-length" : [ "0" ],
      "User-Agent" : [ "Google-HTTP-Java-Client/1.43.3 (gzip)" ],
      "Host" : [ "localhost:2020" ],
      "Connection" : [ "Keep-Alive" ],
      "Accept-Encoding" : [ "gzip" ]
    },
    "keepAlive" : true,
    "secure" : false,
    "protocol" : "HTTP_1_1",
    "localAddress" : "127.0.0.1:2020",
    "remoteAddress" : "127.0.0.1:57410"
  }

 matched expectation:

  {
    "httpRequest" : {
      "method" : "GET",
      "path" : "/products/api/v1/ban-number/123456790"
    },
    "httpResponse" : {
      "statusCode" : 200,
      "headers" : {
        "Content-Type" : [ "application/json; charset=utf-8" ],
        "Cache-Control" : [ "public, max-age=86400" ]
      },
      "body" : "hello"
    },
    "id" : "2ae5b0ee-2e8a-43f9-b505-40b6ac9973a2",
    "priority" : 0,
    "timeToLive" : {
      "unlimited" : true
    },
    "times" : {
      "unlimited" : true
    }
  }

2024-07-24T11:30:22.713+02:00  INFO 879589 --- [erver-EventLog0] org.mockserver.log.MockServerEventLog    : 2020 returning response:

  {
    "statusCode" : 200,
    "headers" : {
      "Content-Type" : [ "application/json; charset=utf-8" ],
      "Cache-Control" : [ "public, max-age=86400" ]
    },
    "body" : "hello"
  }

 for request:

  {
    "method" : "GET",
    "path" : "/products/api/v1/ban-number/123456790",
    "headers" : {
      "content-length" : [ "0" ],
      "User-Agent" : [ "Google-HTTP-Java-Client/1.43.3 (gzip)" ],
      "Host" : [ "localhost:2020" ],
      "Connection" : [ "Keep-Alive" ],
      "Accept-Encoding" : [ "gzip" ]
    },
    "keepAlive" : true,
    "secure" : false,
    "protocol" : "HTTP_1_1",
    "localAddress" : "127.0.0.1:2020",
    "remoteAddress" : "127.0.0.1:57410"
  }

 for action:

  {
    "statusCode" : 200,
    "headers" : {
      "Content-Type" : [ "application/json; charset=utf-8" ],
      "Cache-Control" : [ "public, max-age=86400" ]
    },
    "body" : "hello"
  }

 from expectation:

  2ae5b0ee-2e8a-43f9-b505-40b6ac9973a2

2024-07-24T11:30:22.867+02:00  INFO 879589 --- [    zb-actors-7] io.camunda.zeebe.logstreams              : Close appender for log stream null
2024-07-24T11:30:22.867+02:00  INFO 879589 --- [    zb-actors-7] i.c.zeebe.logstreams.impl.log.Sequencer  : Closing sequencer for writing
2024-07-24T11:30:22.868+02:00  INFO 879589 --- [    zb-actors-7] io.camunda.zeebe.logstreams              : On closing logstream null close 2 readers
]]></system-out>
    <system-err><![CDATA[WARNING: A Java agent has been loaded dynamically (/home/sulemamr/.m2/repository/net/bytebuddy/byte-buddy-agent/1.14.12/byte-buddy-agent-1.14.12.jar)
WARNING: If a serviceability tool is in use, please run with -XX:+EnableDynamicAgentLoading to hide this warning
WARNING: If a serviceability tool is not in use, please run with -Djdk.instrument.traceUsage for more information
WARNING: Dynamic loading of agents will be disallowed by default in a future release
]]></system-err>
  </testcase>
</testsuite>